2024-08-12 22:03:22.003 [info] Extension host with pid 4290 started
2024-08-12 22:03:22.065 [info] ExtensionService#_doActivateExtension vscode.git-base, startup: true, activationEvent: '*', root cause: vscode.git
2024-08-12 22:03:22.103 [info] ExtensionService#_doActivateExtension vscode.git, startup: true, activationEvent: '*'
2024-08-12 22:03:22.162 [info] ExtensionService#_doActivateExtension vscode.github, startup: true, activationEvent: '*'
2024-08-12 22:03:22.262 [info] Eager extensions activated
2024-08-12 22:03:22.384 [info] ExtensionService#_doActivateExtension vscode.debug-auto-launch, startup: false, activationEvent: 'onStartupFinished'
2024-08-12 22:03:22.388 [info] ExtensionService#_doActivateExtension vscode.merge-conflict, startup: false, activationEvent: 'onStartupFinished'
2024-08-12 22:11:00.820 [info] Extension host terminating: renderer closed the MessagePort
2024-08-12 22:11:00.838 [info] Extension host with pid 4290 exiting with code 0
2024-08-12 22:11:01.576 [info] Extension host with pid 4403 started
2024-08-12 22:11:01.576 [info] Skipping acquiring lock for /home/andoke/Desktop/quadri/git/WebProc/User/workspaceStorage/d5c88ca9a773a2eb9ecfbb30dc9558df.
2024-08-12 22:11:01.606 [info] ExtensionService#_doActivateExtension vscode.git-base, startup: true, activationEvent: '*'
2024-08-12 22:11:01.609 [info] ExtensionService#_doActivateExtension vscode.npm, startup: true, activationEvent: 'workspaceContains:package.json'
2024-08-12 22:11:01.667 [info] ExtensionService#_doActivateExtension vscode.github, startup: true, activationEvent: '*'
2024-08-12 22:11:01.698 [info] Eager extensions activated
2024-08-12 22:11:01.701 [info] ExtensionService#_doActivateExtension vscode.debug-auto-launch, startup: false, activationEvent: 'onStartupFinished'
2024-08-12 22:11:01.703 [info] ExtensionService#_doActivateExtension vscode.merge-conflict, startup: false, activationEvent: 'onStartupFinished'
2024-08-12 22:11:03.881 [info] ExtensionService#_doActivateExtension vscode.git, startup: false, activationEvent: 'api', root cause: vscode.github
2024-08-12 22:11:04.040 [info] ExtensionService#_doActivateExtension vscode.github-authentication, startup: false, activationEvent: 'onAuthenticationRequest:github'
2024-08-12 22:11:10.884 [info] ExtensionService#_doActivateExtension vscode.emmet, startup: false, activationEvent: 'onLanguage'
2024-08-12 22:18:10.238 [info] ExtensionService#_doActivateExtension vscode.typescript-language-features, startup: false, activationEvent: 'onLanguage:typescriptreact'
2024-08-12 22:29:15.362 [warning] [Decorations] CAPPING events from decorations provider vscode.git 256
2024-08-12 22:29:20.404 [warning] [Decorations] CAPPING events from decorations provider vscode.git 252
2024-08-12 22:29:25.435 [warning] [Decorations] CAPPING events from decorations provider vscode.git 257
2024-08-12 22:29:30.465 [warning] [Decorations] CAPPING events from decorations provider vscode.git 252
2024-08-12 22:29:35.491 [warning] [Decorations] CAPPING events from decorations provider vscode.git 253
2024-08-12 22:29:40.526 [warning] [Decorations] CAPPING events from decorations provider vscode.git 254
2024-08-12 22:29:45.557 [warning] [Decorations] CAPPING events from decorations provider vscode.git 253
2024-08-12 22:29:50.591 [warning] [Decorations] CAPPING events from decorations provider vscode.git 253
2024-08-12 22:29:55.624 [warning] [Decorations] CAPPING events from decorations provider vscode.git 254
2024-08-12 22:30:00.657 [warning] [Decorations] CAPPING events from decorations provider vscode.git 254
2024-08-12 22:30:05.686 [warning] [Decorations] CAPPING events from decorations provider vscode.git 254
2024-08-12 22:30:10.710 [warning] [Decorations] CAPPING events from decorations provider vscode.git 254
2024-08-12 22:30:15.746 [warning] [Decorations] CAPPING events from decorations provider vscode.git 254
2024-08-12 22:30:20.779 [warning] [Decorations] CAPPING events from decorations provider vscode.git 255
2024-08-12 22:30:41.493 [warning] [Decorations] CAPPING events from decorations provider vscode.git 255
2024-08-12 22:30:46.528 [warning] [Decorations] CAPPING events from decorations provider vscode.git 254
2024-08-12 22:30:51.576 [warning] [Decorations] CAPPING events from decorations provider vscode.git 254
2024-08-12 22:30:56.610 [warning] [Decorations] CAPPING events from decorations provider vscode.git 254
2024-08-12 22:31:01.634 [warning] [Decorations] CAPPING events from decorations provider vscode.git 254
2024-08-12 22:31:06.665 [warning] [Decorations] CAPPING events from decorations provider vscode.git 254
2024-08-12 22:31:11.696 [warning] [Decorations] CAPPING events from decorations provider vscode.git 255
2024-08-12 22:31:16.722 [warning] [Decorations] CAPPING events from decorations provider vscode.git 256
2024-08-12 22:31:21.770 [warning] [Decorations] CAPPING events from decorations provider vscode.git 255
2024-08-12 22:31:26.814 [warning] [Decorations] CAPPING events from decorations provider vscode.git 255
2024-08-12 22:31:31.858 [warning] [Decorations] CAPPING events from decorations provider vscode.git 255
2024-08-12 22:31:36.891 [warning] [Decorations] CAPPING events from decorations provider vscode.git 256
2024-08-12 22:31:41.932 [warning] [Decorations] CAPPING events from decorations provider vscode.git 257
2024-08-12 22:32:34.371 [warning] [Decorations] CAPPING events from decorations provider vscode.git 256
2024-08-12 22:32:39.399 [warning] [Decorations] CAPPING events from decorations provider vscode.git 256
2024-08-12 22:32:44.426 [warning] [Decorations] CAPPING events from decorations provider vscode.git 257
2024-08-12 22:32:49.457 [warning] [Decorations] CAPPING events from decorations provider vscode.git 257
2024-08-12 22:32:55.447 [warning] [Decorations] CAPPING events from decorations provider vscode.git 257
2024-08-12 22:34:16.806 [warning] [Decorations] CAPPING events from decorations provider vscode.git 258
2024-08-12 22:34:21.832 [warning] [Decorations] CAPPING events from decorations provider vscode.git 257
2024-08-12 22:34:26.856 [warning] [Decorations] CAPPING events from decorations provider vscode.git 258
2024-08-12 22:34:41.773 [warning] [Decorations] CAPPING events from decorations provider vscode.git 258
2024-08-12 22:34:46.805 [warning] [Decorations] CAPPING events from decorations provider vscode.git 259
2024-08-12 22:34:51.839 [warning] [Decorations] CAPPING events from decorations provider vscode.git 259
2024-08-12 22:34:56.876 [warning] [Decorations] CAPPING events from decorations provider vscode.git 259
2024-08-12 22:35:01.908 [warning] [Decorations] CAPPING events from decorations provider vscode.git 259
2024-08-12 22:35:06.934 [warning] [Decorations] CAPPING events from decorations provider vscode.git 260
2024-08-12 22:35:11.968 [warning] [Decorations] CAPPING events from decorations provider vscode.git 273
2024-08-12 22:35:18.819 [warning] [Decorations] CAPPING events from decorations provider vscode.git 261
2024-08-12 22:35:23.870 [warning] [Decorations] CAPPING events from decorations provider vscode.git 261
2024-08-12 22:35:28.901 [warning] [Decorations] CAPPING events from decorations provider vscode.git 276
2024-08-12 22:35:33.930 [warning] [Decorations] CAPPING events from decorations provider vscode.git 263
2024-08-12 22:35:38.963 [warning] [Decorations] CAPPING events from decorations provider vscode.git 262
2024-08-12 22:35:44.001 [warning] [Decorations] CAPPING events from decorations provider vscode.git 262
2024-08-12 22:35:49.035 [warning] [Decorations] CAPPING events from decorations provider vscode.git 262
2024-08-12 22:36:04.458 [warning] [Decorations] CAPPING events from decorations provider vscode.git 262
2024-08-12 22:36:09.488 [warning] [Decorations] CAPPING events from decorations provider vscode.git 262
2024-08-12 22:36:44.340 [warning] [Decorations] CAPPING events from decorations provider vscode.git 262
2024-08-12 22:36:49.369 [warning] [Decorations] CAPPING events from decorations provider vscode.git 262
2024-08-12 22:37:08.626 [warning] [Decorations] CAPPING events from decorations provider vscode.git 263
2024-08-12 22:37:13.659 [warning] [Decorations] CAPPING events from decorations provider vscode.git 264
2024-08-12 22:37:18.695 [warning] [Decorations] CAPPING events from decorations provider vscode.git 265
2024-08-12 22:37:23.730 [warning] [Decorations] CAPPING events from decorations provider vscode.git 265
2024-08-12 22:37:28.766 [warning] [Decorations] CAPPING events from decorations provider vscode.git 265
2024-08-12 22:37:33.797 [warning] [Decorations] CAPPING events from decorations provider vscode.git 265
2024-08-12 22:37:38.846 [warning] [Decorations] CAPPING events from decorations provider vscode.git 265
2024-08-12 22:37:43.897 [warning] [Decorations] CAPPING events from decorations provider vscode.git 265
2024-08-12 22:37:48.935 [warning] [Decorations] CAPPING events from decorations provider vscode.git 265
2024-08-12 22:37:53.988 [warning] [Decorations] CAPPING events from decorations provider vscode.git 265
2024-08-12 22:37:59.029 [warning] [Decorations] CAPPING events from decorations provider vscode.git 265
2024-08-12 22:38:04.066 [warning] [Decorations] CAPPING events from decorations provider vscode.git 265
2024-08-12 22:38:09.099 [warning] [Decorations] CAPPING events from decorations provider vscode.git 265
2024-08-12 22:38:14.128 [warning] [Decorations] CAPPING events from decorations provider vscode.git 265
2024-08-12 22:38:19.177 [warning] [Decorations] CAPPING events from decorations provider vscode.git 265
2024-08-12 22:38:24.223 [warning] [Decorations] CAPPING events from decorations provider vscode.git 265
2024-08-12 22:38:29.273 [warning] [Decorations] CAPPING events from decorations provider vscode.git 265
2024-08-12 22:38:34.302 [warning] [Decorations] CAPPING events from decorations provider vscode.git 265
2024-08-12 22:38:39.329 [warning] [Decorations] CAPPING events from decorations provider vscode.git 266
2024-08-12 22:38:44.358 [warning] [Decorations] CAPPING events from decorations provider vscode.git 266
2024-08-12 22:38:49.387 [warning] [Decorations] CAPPING events from decorations provider vscode.git 266
2024-08-12 22:39:32.818 [warning] [Decorations] CAPPING events from decorations provider vscode.git 266
2024-08-12 22:39:37.847 [warning] [Decorations] CAPPING events from decorations provider vscode.git 266
2024-08-12 22:39:42.879 [warning] [Decorations] CAPPING events from decorations provider vscode.git 266
2024-08-12 22:39:47.914 [warning] [Decorations] CAPPING events from decorations provider vscode.git 267
2024-08-12 22:39:53.688 [warning] [Decorations] CAPPING events from decorations provider vscode.git 266
2024-08-12 22:40:09.888 [warning] [Decorations] CAPPING events from decorations provider vscode.git 267
2024-08-12 22:40:14.923 [warning] [Decorations] CAPPING events from decorations provider vscode.git 267
2024-08-12 22:40:19.957 [warning] [Decorations] CAPPING events from decorations provider vscode.git 268
2024-08-12 22:40:24.987 [warning] [Decorations] CAPPING events from decorations provider vscode.git 268
2024-08-12 22:40:30.015 [warning] [Decorations] CAPPING events from decorations provider vscode.git 268
2024-08-12 22:40:35.049 [warning] [Decorations] CAPPING events from decorations provider vscode.git 268
2024-08-12 22:40:40.077 [warning] [Decorations] CAPPING events from decorations provider vscode.git 268
2024-08-12 22:40:49.940 [warning] [Decorations] CAPPING events from decorations provider vscode.git 269
2024-08-12 22:40:54.967 [warning] [Decorations] CAPPING events from decorations provider vscode.git 268
2024-08-12 22:41:05.490 [warning] [Decorations] CAPPING events from decorations provider vscode.git 268
2024-08-12 22:41:10.525 [warning] [Decorations] CAPPING events from decorations provider vscode.git 268
2024-08-12 22:41:15.559 [warning] [Decorations] CAPPING events from decorations provider vscode.git 269
2024-08-12 22:41:20.594 [warning] [Decorations] CAPPING events from decorations provider vscode.git 269
2024-08-12 22:41:25.627 [warning] [Decorations] CAPPING events from decorations provider vscode.git 269
2024-08-12 22:41:30.661 [warning] [Decorations] CAPPING events from decorations provider vscode.git 269
2024-08-12 22:41:35.692 [warning] [Decorations] CAPPING events from decorations provider vscode.git 269
2024-08-12 22:44:57.495 [warning] [Decorations] CAPPING events from decorations provider vscode.git 270
2024-08-12 22:45:02.530 [warning] [Decorations] CAPPING events from decorations provider vscode.git 269
2024-08-12 22:45:07.566 [warning] [Decorations] CAPPING events from decorations provider vscode.git 269
2024-08-12 22:45:12.610 [warning] [Decorations] CAPPING events from decorations provider vscode.git 269
2024-08-12 22:45:17.642 [warning] [Decorations] CAPPING events from decorations provider vscode.git 269
2024-08-12 22:45:22.679 [warning] [Decorations] CAPPING events from decorations provider vscode.git 269
2024-08-12 22:45:27.715 [warning] [Decorations] CAPPING events from decorations provider vscode.git 269
2024-08-12 22:46:31.691 [warning] [Decorations] CAPPING events from decorations provider vscode.git 269
2024-08-12 22:46:36.728 [warning] [Decorations] CAPPING events from decorations provider vscode.git 270
2024-08-12 22:46:41.759 [warning] [Decorations] CAPPING events from decorations provider vscode.git 270
2024-08-12 22:46:46.792 [warning] [Decorations] CAPPING events from decorations provider vscode.git 270
2024-08-12 22:46:51.822 [warning] [Decorations] CAPPING events from decorations provider vscode.git 270
2024-08-12 22:46:56.870 [warning] [Decorations] CAPPING events from decorations provider vscode.git 270
2024-08-12 22:47:01.901 [warning] [Decorations] CAPPING events from decorations provider vscode.git 270
2024-08-12 22:47:06.932 [warning] [Decorations] CAPPING events from decorations provider vscode.git 271
2024-08-12 22:47:11.960 [warning] [Decorations] CAPPING events from decorations provider vscode.git 270
2024-08-12 22:47:19.657 [warning] [Decorations] CAPPING events from decorations provider vscode.git 270
2024-08-12 22:47:24.689 [warning] [Decorations] CAPPING events from decorations provider vscode.git 270
2024-08-12 22:47:29.725 [warning] [Decorations] CAPPING events from decorations provider vscode.git 270
2024-08-12 22:47:34.767 [warning] [Decorations] CAPPING events from decorations provider vscode.git 270
2024-08-12 22:48:34.200 [warning] [Decorations] CAPPING events from decorations provider vscode.git 270
2024-08-12 22:48:45.380 [warning] [Decorations] CAPPING events from decorations provider vscode.git 271
2024-08-12 22:48:50.415 [warning] [Decorations] CAPPING events from decorations provider vscode.git 271
2024-08-12 22:48:55.453 [warning] [Decorations] CAPPING events from decorations provider vscode.git 272
2024-08-12 22:49:00.487 [warning] [Decorations] CAPPING events from decorations provider vscode.git 271
2024-08-12 22:49:05.519 [warning] [Decorations] CAPPING events from decorations provider vscode.git 272
2024-08-12 22:51:54.811 [warning] [Decorations] CAPPING events from decorations provider vscode.git 272
2024-08-12 22:51:59.843 [warning] [Decorations] CAPPING events from decorations provider vscode.git 273
2024-08-12 22:52:09.379 [warning] [Decorations] CAPPING events from decorations provider vscode.git 273
2024-08-12 22:52:15.593 [warning] [Decorations] CAPPING events from decorations provider vscode.git 273
2024-08-12 22:52:20.623 [warning] [Decorations] CAPPING events from decorations provider vscode.git 273
2024-08-12 22:52:25.658 [warning] [Decorations] CAPPING events from decorations provider vscode.git 273
2024-08-12 22:52:30.689 [warning] [Decorations] CAPPING events from decorations provider vscode.git 273
2024-08-12 22:53:04.532 [warning] [Decorations] CAPPING events from decorations provider vscode.git 273
2024-08-12 22:53:09.568 [warning] [Decorations] CAPPING events from decorations provider vscode.git 273
2024-08-12 22:53:14.598 [warning] [Decorations] CAPPING events from decorations provider vscode.git 273
2024-08-12 22:53:19.624 [warning] [Decorations] CAPPING events from decorations provider vscode.git 273
2024-08-12 22:53:24.656 [warning] [Decorations] CAPPING events from decorations provider vscode.git 273
2024-08-12 22:53:29.702 [warning] [Decorations] CAPPING events from decorations provider vscode.git 273
2024-08-12 22:53:34.737 [warning] [Decorations] CAPPING events from decorations provider vscode.git 273
2024-08-12 22:53:39.775 [warning] [Decorations] CAPPING events from decorations provider vscode.git 273
2024-08-12 22:53:44.828 [warning] [Decorations] CAPPING events from decorations provider vscode.git 273
2024-08-12 22:53:49.879 [warning] [Decorations] CAPPING events from decorations provider vscode.git 273
2024-08-12 22:53:54.920 [warning] [Decorations] CAPPING events from decorations provider vscode.git 273
2024-08-12 22:53:59.949 [warning] [Decorations] CAPPING events from decorations provider vscode.git 273
2024-08-12 22:54:04.979 [warning] [Decorations] CAPPING events from decorations provider vscode.git 273
2024-08-12 22:54:15.759 [warning] [Decorations] CAPPING events from decorations provider vscode.git 273
2024-08-12 22:54:20.787 [warning] [Decorations] CAPPING events from decorations provider vscode.git 273
2024-08-12 22:54:25.823 [warning] [Decorations] CAPPING events from decorations provider vscode.git 273
2024-08-12 22:54:30.869 [warning] [Decorations] CAPPING events from decorations provider vscode.git 273
2024-08-12 22:54:35.897 [warning] [Decorations] CAPPING events from decorations provider vscode.git 273
2024-08-12 22:54:40.931 [warning] [Decorations] CAPPING events from decorations provider vscode.git 273
2024-08-12 22:54:45.968 [warning] [Decorations] CAPPING events from decorations provider vscode.git 273
2024-08-12 22:54:51.001 [warning] [Decorations] CAPPING events from decorations provider vscode.git 273
2024-08-12 22:54:56.040 [warning] [Decorations] CAPPING events from decorations provider vscode.git 273
2024-08-12 22:55:01.073 [warning] [Decorations] CAPPING events from decorations provider vscode.git 273
2024-08-12 22:55:06.098 [warning] [Decorations] CAPPING events from decorations provider vscode.git 273
2024-08-12 22:55:11.123 [warning] [Decorations] CAPPING events from decorations provider vscode.git 273
2024-08-12 22:55:16.165 [warning] [Decorations] CAPPING events from decorations provider vscode.git 273
2024-08-12 22:55:21.198 [warning] [Decorations] CAPPING events from decorations provider vscode.git 273
2024-08-12 22:55:26.232 [warning] [Decorations] CAPPING events from decorations provider vscode.git 273
2024-08-12 22:55:31.261 [warning] [Decorations] CAPPING events from decorations provider vscode.git 273
2024-08-12 22:55:36.288 [warning] [Decorations] CAPPING events from decorations provider vscode.git 273
2024-08-12 22:56:12.021 [warning] [Decorations] CAPPING events from decorations provider vscode.git 274
2024-08-12 22:56:17.053 [warning] [Decorations] CAPPING events from decorations provider vscode.git 274
2024-08-12 22:56:22.090 [warning] [Decorations] CAPPING events from decorations provider vscode.git 275
2024-08-12 22:56:27.121 [warning] [Decorations] CAPPING events from decorations provider vscode.git 276
2024-08-12 22:56:32.152 [warning] [Decorations] CAPPING events from decorations provider vscode.git 275
2024-08-12 22:56:37.186 [warning] [Decorations] CAPPING events from decorations provider vscode.git 275
2024-08-12 22:56:42.221 [warning] [Decorations] CAPPING events from decorations provider vscode.git 275
2024-08-12 22:56:47.247 [warning] [Decorations] CAPPING events from decorations provider vscode.git 275
2024-08-12 22:57:28.988 [warning] [Decorations] CAPPING events from decorations provider vscode.git 275
2024-08-12 22:57:34.021 [warning] [Decorations] CAPPING events from decorations provider vscode.git 275
2024-08-12 22:57:39.055 [warning] [Decorations] CAPPING events from decorations provider vscode.git 275
2024-08-12 22:57:44.081 [warning] [Decorations] CAPPING events from decorations provider vscode.git 275
2024-08-12 22:57:49.127 [warning] [Decorations] CAPPING events from decorations provider vscode.git 275
2024-08-12 22:57:54.169 [warning] [Decorations] CAPPING events from decorations provider vscode.git 275
2024-08-12 22:57:59.207 [warning] [Decorations] CAPPING events from decorations provider vscode.git 275
2024-08-12 22:58:04.240 [warning] [Decorations] CAPPING events from decorations provider vscode.git 275
2024-08-12 22:58:09.279 [warning] [Decorations] CAPPING events from decorations provider vscode.git 275
2024-08-12 22:58:14.318 [warning] [Decorations] CAPPING events from decorations provider vscode.git 275
2024-08-12 22:58:19.369 [warning] [Decorations] CAPPING events from decorations provider vscode.git 275
2024-08-12 22:58:24.414 [warning] [Decorations] CAPPING events from decorations provider vscode.git 275
2024-08-12 22:58:29.462 [warning] [Decorations] CAPPING events from decorations provider vscode.git 275
2024-08-12 22:58:34.511 [warning] [Decorations] CAPPING events from decorations provider vscode.git 275
2024-08-12 22:58:39.553 [warning] [Decorations] CAPPING events from decorations provider vscode.git 275
2024-08-12 22:59:00.822 [warning] [Decorations] CAPPING events from decorations provider vscode.git 275
2024-08-12 22:59:05.856 [warning] [Decorations] CAPPING events from decorations provider vscode.git 275
2024-08-12 22:59:10.880 [warning] [Decorations] CAPPING events from decorations provider vscode.git 276
2024-08-12 22:59:15.912 [warning] [Decorations] CAPPING events from decorations provider vscode.git 277
2024-08-12 22:59:20.947 [warning] [Decorations] CAPPING events from decorations provider vscode.git 276
2024-08-12 22:59:25.983 [warning] [Decorations] CAPPING events from decorations provider vscode.git 276
2024-08-12 22:59:31.017 [warning] [Decorations] CAPPING events from decorations provider vscode.git 277
2024-08-12 22:59:36.045 [warning] [Decorations] CAPPING events from decorations provider vscode.git 278
2024-08-12 22:59:41.088 [warning] [Decorations] CAPPING events from decorations provider vscode.git 277
2024-08-12 22:59:46.121 [warning] [Decorations] CAPPING events from decorations provider vscode.git 277
2024-08-12 22:59:51.155 [warning] [Decorations] CAPPING events from decorations provider vscode.git 277
2024-08-12 22:59:56.205 [warning] [Decorations] CAPPING events from decorations provider vscode.git 277
2024-08-12 23:00:01.238 [warning] [Decorations] CAPPING events from decorations provider vscode.git 277
2024-08-12 23:00:06.266 [warning] [Decorations] CAPPING events from decorations provider vscode.git 278
2024-08-12 23:00:11.289 [warning] [Decorations] CAPPING events from decorations provider vscode.git 278
2024-08-12 23:00:16.324 [warning] [Decorations] CAPPING events from decorations provider vscode.git 278
2024-08-12 23:00:21.357 [warning] [Decorations] CAPPING events from decorations provider vscode.git 278
2024-08-12 23:00:26.391 [warning] [Decorations] CAPPING events from decorations provider vscode.git 278
2024-08-12 23:00:31.422 [warning] [Decorations] CAPPING events from decorations provider vscode.git 279
2024-08-12 23:00:39.473 [warning] [Decorations] CAPPING events from decorations provider vscode.git 280
2024-08-12 23:00:48.605 [warning] [Decorations] CAPPING events from decorations provider vscode.git 279
2024-08-12 23:00:53.637 [warning] [Decorations] CAPPING events from decorations provider vscode.git 279
2024-08-12 23:01:01.488 [warning] [Decorations] CAPPING events from decorations provider vscode.git 279
2024-08-12 23:01:06.522 [warning] [Decorations] CAPPING events from decorations provider vscode.git 279
2024-08-12 23:01:53.422 [warning] [Decorations] CAPPING events from decorations provider vscode.git 280
2024-08-12 23:01:58.460 [warning] [Decorations] CAPPING events from decorations provider vscode.git 280
2024-08-12 23:02:03.494 [warning] [Decorations] CAPPING events from decorations provider vscode.git 281
2024-08-12 23:02:11.879 [warning] [Decorations] CAPPING events from decorations provider vscode.git 280
2024-08-12 23:02:16.913 [warning] [Decorations] CAPPING events from decorations provider vscode.git 280
2024-08-12 23:02:29.483 [warning] [Decorations] CAPPING events from decorations provider vscode.git 281
2024-08-12 23:02:34.517 [warning] [Decorations] CAPPING events from decorations provider vscode.git 281
2024-08-12 23:02:39.553 [warning] [Decorations] CAPPING events from decorations provider vscode.git 281
2024-08-12 23:02:44.591 [warning] [Decorations] CAPPING events from decorations provider vscode.git 282
2024-08-12 23:02:49.615 [warning] [Decorations] CAPPING events from decorations provider vscode.git 284
2024-08-12 23:02:54.648 [warning] [Decorations] CAPPING events from decorations provider vscode.git 286
2024-08-12 23:02:59.682 [warning] [Decorations] CAPPING events from decorations provider vscode.git 285
2024-08-12 23:03:04.712 [warning] [Decorations] CAPPING events from decorations provider vscode.git 286
2024-08-12 23:03:09.740 [warning] [Decorations] CAPPING events from decorations provider vscode.git 286
2024-08-12 23:03:14.771 [warning] [Decorations] CAPPING events from decorations provider vscode.git 286
2024-08-12 23:03:19.805 [warning] [Decorations] CAPPING events from decorations provider vscode.git 287
2024-08-12 23:03:24.834 [warning] [Decorations] CAPPING events from decorations provider vscode.git 287
2024-08-12 23:03:29.867 [warning] [Decorations] CAPPING events from decorations provider vscode.git 288
2024-08-12 23:03:34.894 [warning] [Decorations] CAPPING events from decorations provider vscode.git 288
2024-08-12 23:03:39.926 [warning] [Decorations] CAPPING events from decorations provider vscode.git 289
2024-08-12 23:03:44.962 [warning] [Decorations] CAPPING events from decorations provider vscode.git 290
2024-08-12 23:03:49.996 [warning] [Decorations] CAPPING events from decorations provider vscode.git 289
2024-08-12 23:03:55.030 [warning] [Decorations] CAPPING events from decorations provider vscode.git 291
2024-08-12 23:04:00.065 [warning] [Decorations] CAPPING events from decorations provider vscode.git 291
2024-08-12 23:04:05.100 [warning] [Decorations] CAPPING events from decorations provider vscode.git 291
2024-08-12 23:04:10.136 [warning] [Decorations] CAPPING events from decorations provider vscode.git 291
2024-08-12 23:04:15.165 [warning] [Decorations] CAPPING events from decorations provider vscode.git 292
2024-08-12 23:04:20.194 [warning] [Decorations] CAPPING events from decorations provider vscode.git 292
2024-08-12 23:04:25.230 [warning] [Decorations] CAPPING events from decorations provider vscode.git 293
2024-08-12 23:04:30.263 [warning] [Decorations] CAPPING events from decorations provider vscode.git 293
2024-08-12 23:04:35.295 [warning] [Decorations] CAPPING events from decorations provider vscode.git 293
2024-08-12 23:04:40.316 [warning] [Decorations] CAPPING events from decorations provider vscode.git 294
2024-08-12 23:05:45.550 [warning] [Decorations] CAPPING events from decorations provider vscode.git 293
2024-08-12 23:05:50.576 [warning] [Decorations] CAPPING events from decorations provider vscode.git 294
2024-08-12 23:05:55.606 [warning] [Decorations] CAPPING events from decorations provider vscode.git 294
2024-08-12 23:06:00.628 [warning] [Decorations] CAPPING events from decorations provider vscode.git 294
2024-08-12 23:06:05.652 [warning] [Decorations] CAPPING events from decorations provider vscode.git 294
2024-08-12 23:06:10.682 [warning] [Decorations] CAPPING events from decorations provider vscode.git 295
2024-08-12 23:06:15.721 [warning] [Decorations] CAPPING events from decorations provider vscode.git 295
2024-08-12 23:06:20.754 [warning] [Decorations] CAPPING events from decorations provider vscode.git 295
2024-08-12 23:06:25.782 [warning] [Decorations] CAPPING events from decorations provider vscode.git 295
2024-08-12 23:06:30.818 [warning] [Decorations] CAPPING events from decorations provider vscode.git 295
2024-08-12 23:06:35.852 [warning] [Decorations] CAPPING events from decorations provider vscode.git 295
2024-08-12 23:06:40.889 [warning] [Decorations] CAPPING events from decorations provider vscode.git 295
2024-08-12 23:06:45.924 [warning] [Decorations] CAPPING events from decorations provider vscode.git 295
2024-08-12 23:06:50.961 [warning] [Decorations] CAPPING events from decorations provider vscode.git 295
2024-08-12 23:06:55.995 [warning] [Decorations] CAPPING events from decorations provider vscode.git 295
2024-08-12 23:07:01.021 [warning] [Decorations] CAPPING events from decorations provider vscode.git 295
2024-08-12 23:07:06.050 [warning] [Decorations] CAPPING events from decorations provider vscode.git 295
2024-08-12 23:07:11.103 [warning] [Decorations] CAPPING events from decorations provider vscode.git 295
2024-08-12 23:07:16.144 [warning] [Decorations] CAPPING events from decorations provider vscode.git 295
2024-08-12 23:07:21.179 [warning] [Decorations] CAPPING events from decorations provider vscode.git 295
2024-08-12 23:07:26.216 [warning] [Decorations] CAPPING events from decorations provider vscode.git 295
2024-08-12 23:07:31.250 [warning] [Decorations] CAPPING events from decorations provider vscode.git 295
2024-08-12 23:07:36.284 [warning] [Decorations] CAPPING events from decorations provider vscode.git 296
2024-08-12 23:07:41.318 [warning] [Decorations] CAPPING events from decorations provider vscode.git 296
2024-08-12 23:07:46.343 [warning] [Decorations] CAPPING events from decorations provider vscode.git 296
2024-08-12 23:07:51.370 [warning] [Decorations] CAPPING events from decorations provider vscode.git 296
2024-08-12 23:07:56.405 [warning] [Decorations] CAPPING events from decorations provider vscode.git 296
2024-08-12 23:08:01.433 [warning] [Decorations] CAPPING events from decorations provider vscode.git 296
2024-08-12 23:08:06.467 [warning] [Decorations] CAPPING events from decorations provider vscode.git 296
2024-08-12 23:08:11.501 [warning] [Decorations] CAPPING events from decorations provider vscode.git 296
2024-08-12 23:08:16.536 [warning] [Decorations] CAPPING events from decorations provider vscode.git 296
2024-08-12 23:09:54.256 [warning] [Decorations] CAPPING events from decorations provider vscode.git 297
2024-08-12 23:09:59.304 [warning] [Decorations] CAPPING events from decorations provider vscode.git 296
2024-08-12 23:10:04.333 [warning] [Decorations] CAPPING events from decorations provider vscode.git 297
2024-08-12 23:10:59.972 [warning] [Decorations] CAPPING events from decorations provider vscode.git 298
2024-08-12 23:11:11.209 [warning] [Decorations] CAPPING events from decorations provider vscode.git 297
2024-08-12 23:11:16.232 [warning] [Decorations] CAPPING events from decorations provider vscode.git 298
2024-08-12 23:11:29.926 [warning] [Decorations] CAPPING events from decorations provider vscode.git 299
2024-08-12 23:11:34.953 [warning] [Decorations] CAPPING events from decorations provider vscode.git 298
2024-08-12 23:11:43.040 [warning] [Decorations] CAPPING events from decorations provider vscode.git 298
2024-08-12 23:11:48.066 [warning] [Decorations] CAPPING events from decorations provider vscode.git 298
2024-08-12 23:11:53.101 [warning] [Decorations] CAPPING events from decorations provider vscode.git 299
2024-08-12 23:12:08.216 [warning] [Decorations] CAPPING events from decorations provider vscode.git 300
2024-08-12 23:12:13.244 [warning] [Decorations] CAPPING events from decorations provider vscode.git 300
2024-08-12 23:12:42.160 [warning] [Decorations] CAPPING events from decorations provider vscode.git 301
2024-08-12 23:12:47.194 [warning] [Decorations] CAPPING events from decorations provider vscode.git 301
2024-08-12 23:13:02.967 [warning] [Decorations] CAPPING events from decorations provider vscode.git 301
2024-08-12 23:13:08.003 [warning] [Decorations] CAPPING events from decorations provider vscode.git 302
2024-08-12 23:13:13.038 [warning] [Decorations] CAPPING events from decorations provider vscode.git 303
2024-08-12 23:13:31.497 [warning] [Decorations] CAPPING events from decorations provider vscode.git 302
2024-08-12 23:13:36.527 [warning] [Decorations] CAPPING events from decorations provider vscode.git 302
2024-08-12 23:13:41.562 [warning] [Decorations] CAPPING events from decorations provider vscode.git 303
2024-08-12 23:13:46.596 [warning] [Decorations] CAPPING events from decorations provider vscode.git 303
2024-08-12 23:13:51.630 [warning] [Decorations] CAPPING events from decorations provider vscode.git 303
2024-08-12 23:13:56.662 [warning] [Decorations] CAPPING events from decorations provider vscode.git 303
2024-08-12 23:14:01.715 [warning] [Decorations] CAPPING events from decorations provider vscode.git 303
2024-08-12 23:14:06.751 [warning] [Decorations] CAPPING events from decorations provider vscode.git 303
2024-08-12 23:14:11.791 [warning] [Decorations] CAPPING events from decorations provider vscode.git 303
2024-08-12 23:14:16.827 [warning] [Decorations] CAPPING events from decorations provider vscode.git 303
2024-08-12 23:14:21.860 [warning] [Decorations] CAPPING events from decorations provider vscode.git 303
2024-08-12 23:14:26.895 [warning] [Decorations] CAPPING events from decorations provider vscode.git 303
2024-08-12 23:14:31.931 [warning] [Decorations] CAPPING events from decorations provider vscode.git 304
2024-08-12 23:14:36.968 [warning] [Decorations] CAPPING events from decorations provider vscode.git 304
2024-08-12 23:14:42.003 [warning] [Decorations] CAPPING events from decorations provider vscode.git 304
2024-08-12 23:14:47.037 [warning] [Decorations] CAPPING events from decorations provider vscode.git 304
2024-08-12 23:14:52.074 [warning] [Decorations] CAPPING events from decorations provider vscode.git 304
2024-08-12 23:14:57.108 [warning] [Decorations] CAPPING events from decorations provider vscode.git 305
2024-08-12 23:15:02.143 [warning] [Decorations] CAPPING events from decorations provider vscode.git 305
2024-08-12 23:15:07.177 [warning] [Decorations] CAPPING events from decorations provider vscode.git 305
2024-08-12 23:15:12.211 [warning] [Decorations] CAPPING events from decorations provider vscode.git 305
2024-08-12 23:15:17.249 [warning] [Decorations] CAPPING events from decorations provider vscode.git 305
2024-08-12 23:15:22.283 [warning] [Decorations] CAPPING events from decorations provider vscode.git 305
2024-08-12 23:15:27.311 [warning] [Decorations] CAPPING events from decorations provider vscode.git 305
2024-08-12 23:15:32.349 [warning] [Decorations] CAPPING events from decorations provider vscode.git 306
2024-08-12 23:15:37.384 [warning] [Decorations] CAPPING events from decorations provider vscode.git 307
2024-08-12 23:15:42.417 [warning] [Decorations] CAPPING events from decorations provider vscode.git 306
2024-08-12 23:15:47.450 [warning] [Decorations] CAPPING events from decorations provider vscode.git 307
2024-08-12 23:15:52.481 [warning] [Decorations] CAPPING events from decorations provider vscode.git 308
2024-08-12 23:15:57.515 [warning] [Decorations] CAPPING events from decorations provider vscode.git 309
2024-08-12 23:16:02.550 [warning] [Decorations] CAPPING events from decorations provider vscode.git 309
2024-08-12 23:16:07.589 [warning] [Decorations] CAPPING events from decorations provider vscode.git 309
2024-08-12 23:16:12.623 [warning] [Decorations] CAPPING events from decorations provider vscode.git 309
2024-08-12 23:16:17.652 [warning] [Decorations] CAPPING events from decorations provider vscode.git 308
2024-08-12 23:16:22.679 [warning] [Decorations] CAPPING events from decorations provider vscode.git 308
2024-08-12 23:16:27.704 [warning] [Decorations] CAPPING events from decorations provider vscode.git 299
2024-08-12 23:16:32.741 [warning] [Decorations] CAPPING events from decorations provider vscode.git 299
2024-08-12 23:16:37.772 [warning] [Decorations] CAPPING events from decorations provider vscode.git 299
2024-08-12 23:16:42.798 [warning] [Decorations] CAPPING events from decorations provider vscode.git 299
2024-08-12 23:16:47.834 [warning] [Decorations] CAPPING events from decorations provider vscode.git 299
2024-08-12 23:16:52.870 [warning] [Decorations] CAPPING events from decorations provider vscode.git 299
2024-08-12 23:16:57.924 [warning] [Decorations] CAPPING events from decorations provider vscode.git 299
2024-08-12 23:17:02.951 [warning] [Decorations] CAPPING events from decorations provider vscode.git 299
2024-08-12 23:17:07.978 [warning] [Decorations] CAPPING events from decorations provider vscode.git 299
2024-08-12 23:17:13.007 [warning] [Decorations] CAPPING events from decorations provider vscode.git 299
2024-08-12 23:17:18.042 [warning] [Decorations] CAPPING events from decorations provider vscode.git 299
2024-08-12 23:17:23.078 [warning] [Decorations] CAPPING events from decorations provider vscode.git 299
2024-08-12 23:17:28.126 [warning] [Decorations] CAPPING events from decorations provider vscode.git 299
2024-08-12 23:17:33.175 [warning] [Decorations] CAPPING events from decorations provider vscode.git 299
2024-08-12 23:17:38.210 [warning] [Decorations] CAPPING events from decorations provider vscode.git 300
2024-08-12 23:17:44.763 [warning] [Decorations] CAPPING events from decorations provider vscode.git 300
2024-08-12 23:17:49.793 [warning] [Decorations] CAPPING events from decorations provider vscode.git 301
2024-08-12 23:18:02.867 [warning] [Decorations] CAPPING events from decorations provider vscode.git 300
2024-08-12 23:18:07.886 [warning] [Decorations] CAPPING events from decorations provider vscode.git 301
2024-08-12 23:18:15.210 [warning] [Decorations] CAPPING events from decorations provider vscode.git 301
2024-08-12 23:18:20.242 [warning] [Decorations] CAPPING events from decorations provider vscode.git 302
2024-08-12 23:18:25.270 [warning] [Decorations] CAPPING events from decorations provider vscode.git 302
2024-08-12 23:18:30.305 [warning] [Decorations] CAPPING events from decorations provider vscode.git 302
2024-08-12 23:18:35.331 [warning] [Decorations] CAPPING events from decorations provider vscode.git 302
2024-08-12 23:18:40.364 [warning] [Decorations] CAPPING events from decorations provider vscode.git 302
2024-08-12 23:18:45.401 [warning] [Decorations] CAPPING events from decorations provider vscode.git 302
2024-08-12 23:18:50.444 [warning] [Decorations] CAPPING events from decorations provider vscode.git 302
2024-08-12 23:19:04.831 [warning] [Decorations] CAPPING events from decorations provider vscode.git 303
2024-08-12 23:19:09.867 [warning] [Decorations] CAPPING events from decorations provider vscode.git 303
2024-08-12 23:19:14.913 [warning] [Decorations] CAPPING events from decorations provider vscode.git 303
2024-08-12 23:19:19.957 [warning] [Decorations] CAPPING events from decorations provider vscode.git 303
2024-08-12 23:19:24.995 [warning] [Decorations] CAPPING events from decorations provider vscode.git 303
2024-08-12 23:19:30.046 [warning] [Decorations] CAPPING events from decorations provider vscode.git 303
2024-08-12 23:19:35.093 [warning] [Decorations] CAPPING events from decorations provider vscode.git 303
2024-08-12 23:19:44.025 [warning] [Decorations] CAPPING events from decorations provider vscode.git 303
2024-08-12 23:19:49.076 [warning] [Decorations] CAPPING events from decorations provider vscode.git 303
2024-08-12 23:19:54.112 [warning] [Decorations] CAPPING events from decorations provider vscode.git 304
2024-08-12 23:20:02.229 [warning] [Decorations] CAPPING events from decorations provider vscode.git 305
2024-08-12 23:20:07.259 [warning] [Decorations] CAPPING events from decorations provider vscode.git 304
2024-08-12 23:20:12.296 [warning] [Decorations] CAPPING events from decorations provider vscode.git 304
2024-08-12 23:20:17.330 [warning] [Decorations] CAPPING events from decorations provider vscode.git 304
2024-08-12 23:20:22.366 [warning] [Decorations] CAPPING events from decorations provider vscode.git 304
2024-08-12 23:20:27.403 [warning] [Decorations] CAPPING events from decorations provider vscode.git 305
2024-08-12 23:20:32.436 [warning] [Decorations] CAPPING events from decorations provider vscode.git 305
2024-08-12 23:20:37.470 [warning] [Decorations] CAPPING events from decorations provider vscode.git 305
2024-08-12 23:20:42.504 [warning] [Decorations] CAPPING events from decorations provider vscode.git 305
2024-08-12 23:20:47.540 [warning] [Decorations] CAPPING events from decorations provider vscode.git 305
2024-08-12 23:20:52.577 [warning] [Decorations] CAPPING events from decorations provider vscode.git 305
2024-08-12 23:20:57.613 [warning] [Decorations] CAPPING events from decorations provider vscode.git 306
2024-08-12 23:21:02.646 [warning] [Decorations] CAPPING events from decorations provider vscode.git 305
2024-08-12 23:21:07.681 [warning] [Decorations] CAPPING events from decorations provider vscode.git 305
2024-08-12 23:21:12.713 [warning] [Decorations] CAPPING events from decorations provider vscode.git 305
2024-08-12 23:21:17.763 [warning] [Decorations] CAPPING events from decorations provider vscode.git 305
2024-08-12 23:21:27.989 [warning] [Decorations] CAPPING events from decorations provider vscode.git 305
2024-08-12 23:21:33.026 [warning] [Decorations] CAPPING events from decorations provider vscode.git 299
2024-08-12 23:21:38.059 [warning] [Decorations] CAPPING events from decorations provider vscode.git 300
2024-08-12 23:21:43.093 [warning] [Decorations] CAPPING events from decorations provider vscode.git 300
2024-08-12 23:21:48.128 [warning] [Decorations] CAPPING events from decorations provider vscode.git 300
2024-08-12 23:21:53.163 [warning] [Decorations] CAPPING events from decorations provider vscode.git 300
2024-08-12 23:21:58.195 [warning] [Decorations] CAPPING events from decorations provider vscode.git 300
2024-08-12 23:22:03.231 [warning] [Decorations] CAPPING events from decorations provider vscode.git 301
2024-08-12 23:22:08.266 [warning] [Decorations] CAPPING events from decorations provider vscode.git 301
2024-08-12 23:22:13.297 [warning] [Decorations] CAPPING events from decorations provider vscode.git 301
2024-08-12 23:22:18.328 [warning] [Decorations] CAPPING events from decorations provider vscode.git 301
2024-08-12 23:22:23.362 [warning] [Decorations] CAPPING events from decorations provider vscode.git 301
2024-08-12 23:22:28.413 [warning] [Decorations] CAPPING events from decorations provider vscode.git 301
2024-08-12 23:22:33.446 [warning] [Decorations] CAPPING events from decorations provider vscode.git 301
2024-08-12 23:22:38.473 [warning] [Decorations] CAPPING events from decorations provider vscode.git 301
2024-08-12 23:22:43.508 [warning] [Decorations] CAPPING events from decorations provider vscode.git 301
2024-08-12 23:22:48.545 [warning] [Decorations] CAPPING events from decorations provider vscode.git 301
2024-08-12 23:22:53.577 [warning] [Decorations] CAPPING events from decorations provider vscode.git 301
2024-08-12 23:22:58.613 [warning] [Decorations] CAPPING events from decorations provider vscode.git 301
2024-08-12 23:23:03.648 [warning] [Decorations] CAPPING events from decorations provider vscode.git 301
2024-08-12 23:23:08.686 [warning] [Decorations] CAPPING events from decorations provider vscode.git 301
2024-08-12 23:23:13.718 [warning] [Decorations] CAPPING events from decorations provider vscode.git 301
2024-08-12 23:23:18.746 [warning] [Decorations] CAPPING events from decorations provider vscode.git 301
2024-08-12 23:23:23.783 [warning] [Decorations] CAPPING events from decorations provider vscode.git 301
2024-08-12 23:23:28.816 [warning] [Decorations] CAPPING events from decorations provider vscode.git 301
2024-08-12 23:23:33.853 [warning] [Decorations] CAPPING events from decorations provider vscode.git 301
2024-08-12 23:23:38.884 [warning] [Decorations] CAPPING events from decorations provider vscode.git 301
2024-08-12 23:23:43.917 [warning] [Decorations] CAPPING events from decorations provider vscode.git 302
2024-08-12 23:23:48.953 [warning] [Decorations] CAPPING events from decorations provider vscode.git 301
2024-08-12 23:23:53.988 [warning] [Decorations] CAPPING events from decorations provider vscode.git 301
2024-08-12 23:23:59.014 [warning] [Decorations] CAPPING events from decorations provider vscode.git 302
2024-08-12 23:24:04.047 [warning] [Decorations] CAPPING events from decorations provider vscode.git 302
2024-08-12 23:24:09.096 [warning] [Decorations] CAPPING events from decorations provider vscode.git 302
2024-08-12 23:24:14.138 [warning] [Decorations] CAPPING events from decorations provider vscode.git 302
2024-08-12 23:24:19.171 [warning] [Decorations] CAPPING events from decorations provider vscode.git 302
2024-08-12 23:24:24.204 [warning] [Decorations] CAPPING events from decorations provider vscode.git 302
2024-08-12 23:24:29.247 [warning] [Decorations] CAPPING events from decorations provider vscode.git 302
2024-08-12 23:24:34.282 [warning] [Decorations] CAPPING events from decorations provider vscode.git 303
2024-08-12 23:24:39.316 [warning] [Decorations] CAPPING events from decorations provider vscode.git 303
2024-08-12 23:24:44.350 [warning] [Decorations] CAPPING events from decorations provider vscode.git 303
2024-08-12 23:24:49.381 [warning] [Decorations] CAPPING events from decorations provider vscode.git 303
2024-08-12 23:24:54.413 [warning] [Decorations] CAPPING events from decorations provider vscode.git 303
2024-08-12 23:24:59.447 [warning] [Decorations] CAPPING events from decorations provider vscode.git 303
2024-08-12 23:25:04.482 [warning] [Decorations] CAPPING events from decorations provider vscode.git 303
2024-08-12 23:25:09.514 [warning] [Decorations] CAPPING events from decorations provider vscode.git 303
2024-08-12 23:25:14.541 [warning] [Decorations] CAPPING events from decorations provider vscode.git 303
2024-08-12 23:25:19.565 [warning] [Decorations] CAPPING events from decorations provider vscode.git 304
2024-08-12 23:25:24.597 [warning] [Decorations] CAPPING events from decorations provider vscode.git 304
2024-08-12 23:25:29.622 [warning] [Decorations] CAPPING events from decorations provider vscode.git 304
2024-08-12 23:25:34.648 [warning] [Decorations] CAPPING events from decorations provider vscode.git 304
2024-08-12 23:25:39.679 [warning] [Decorations] CAPPING events from decorations provider vscode.git 304
2024-08-12 23:25:44.705 [warning] [Decorations] CAPPING events from decorations provider vscode.git 304
2024-08-12 23:25:49.737 [warning] [Decorations] CAPPING events from decorations provider vscode.git 304
2024-08-12 23:25:54.781 [warning] [Decorations] CAPPING events from decorations provider vscode.git 304
2024-08-12 23:25:59.814 [warning] [Decorations] CAPPING events from decorations provider vscode.git 304
2024-08-12 23:26:04.845 [warning] [Decorations] CAPPING events from decorations provider vscode.git 304
2024-08-12 23:26:09.879 [warning] [Decorations] CAPPING events from decorations provider vscode.git 304
2024-08-12 23:26:14.910 [warning] [Decorations] CAPPING events from decorations provider vscode.git 304
2024-08-12 23:26:19.944 [warning] [Decorations] CAPPING events from decorations provider vscode.git 304
2024-08-12 23:26:24.980 [warning] [Decorations] CAPPING events from decorations provider vscode.git 300
2024-08-12 23:26:30.016 [warning] [Decorations] CAPPING events from decorations provider vscode.git 300
2024-08-12 23:26:35.049 [warning] [Decorations] CAPPING events from decorations provider vscode.git 300
2024-08-12 23:26:40.083 [warning] [Decorations] CAPPING events from decorations provider vscode.git 300
2024-08-12 23:26:45.118 [warning] [Decorations] CAPPING events from decorations provider vscode.git 300
2024-08-12 23:26:50.156 [warning] [Decorations] CAPPING events from decorations provider vscode.git 300
2024-08-12 23:26:55.205 [warning] [Decorations] CAPPING events from decorations provider vscode.git 300
2024-08-12 23:27:00.242 [warning] [Decorations] CAPPING events from decorations provider vscode.git 300
2024-08-12 23:27:05.270 [warning] [Decorations] CAPPING events from decorations provider vscode.git 300
2024-08-12 23:27:10.306 [warning] [Decorations] CAPPING events from decorations provider vscode.git 300
2024-08-12 23:27:15.339 [warning] [Decorations] CAPPING events from decorations provider vscode.git 300
2024-08-12 23:27:20.375 [warning] [Decorations] CAPPING events from decorations provider vscode.git 300
2024-08-12 23:27:25.412 [warning] [Decorations] CAPPING events from decorations provider vscode.git 300
2024-08-12 23:27:30.464 [warning] [Decorations] CAPPING events from decorations provider vscode.git 300
2024-08-12 23:27:35.517 [warning] [Decorations] CAPPING events from decorations provider vscode.git 300
2024-08-12 23:27:40.554 [warning] [Decorations] CAPPING events from decorations provider vscode.git 300
2024-08-12 23:28:27.372 [warning] [Decorations] CAPPING events from decorations provider vscode.git 300
2024-08-12 23:28:32.409 [warning] [Decorations] CAPPING events from decorations provider vscode.git 300
2024-08-12 23:28:37.446 [warning] [Decorations] CAPPING events from decorations provider vscode.git 300
2024-08-12 23:28:42.485 [warning] [Decorations] CAPPING events from decorations provider vscode.git 300
2024-08-12 23:28:47.518 [warning] [Decorations] CAPPING events from decorations provider vscode.git 300
2024-08-12 23:28:52.553 [warning] [Decorations] CAPPING events from decorations provider vscode.git 300
2024-08-12 23:28:57.583 [warning] [Decorations] CAPPING events from decorations provider vscode.git 300
2024-08-12 23:29:02.614 [warning] [Decorations] CAPPING events from decorations provider vscode.git 300
2024-08-12 23:29:07.642 [warning] [Decorations] CAPPING events from decorations provider vscode.git 300
2024-08-12 23:29:12.676 [warning] [Decorations] CAPPING events from decorations provider vscode.git 300
2024-08-12 23:29:17.715 [warning] [Decorations] CAPPING events from decorations provider vscode.git 300
2024-08-12 23:29:22.759 [warning] [Decorations] CAPPING events from decorations provider vscode.git 300
2024-08-12 23:29:27.792 [warning] [Decorations] CAPPING events from decorations provider vscode.git 300
2024-08-12 23:29:32.826 [warning] [Decorations] CAPPING events from decorations provider vscode.git 300
2024-08-12 23:29:37.861 [warning] [Decorations] CAPPING events from decorations provider vscode.git 300
2024-08-12 23:29:42.909 [warning] [Decorations] CAPPING events from decorations provider vscode.git 300
2024-08-12 23:29:47.955 [warning] [Decorations] CAPPING events from decorations provider vscode.git 300
2024-08-12 23:29:53.001 [warning] [Decorations] CAPPING events from decorations provider vscode.git 300
2024-08-12 23:29:58.036 [warning] [Decorations] CAPPING events from decorations provider vscode.git 300
2024-08-12 23:30:03.067 [warning] [Decorations] CAPPING events from decorations provider vscode.git 300
2024-08-12 23:30:08.107 [warning] [Decorations] CAPPING events from decorations provider vscode.git 300
2024-08-12 23:30:13.142 [warning] [Decorations] CAPPING events from decorations provider vscode.git 300
2024-08-12 23:30:18.174 [warning] [Decorations] CAPPING events from decorations provider vscode.git 300
2024-08-12 23:30:23.222 [warning] [Decorations] CAPPING events from decorations provider vscode.git 300
2024-08-12 23:30:28.256 [warning] [Decorations] CAPPING events from decorations provider vscode.git 300
2024-08-12 23:30:33.295 [warning] [Decorations] CAPPING events from decorations provider vscode.git 300
2024-08-12 23:30:38.329 [warning] [Decorations] CAPPING events from decorations provider vscode.git 300
2024-08-12 23:30:43.366 [warning] [Decorations] CAPPING events from decorations provider vscode.git 300
2024-08-12 23:30:48.396 [warning] [Decorations] CAPPING events from decorations provider vscode.git 301
2024-08-12 23:30:53.434 [warning] [Decorations] CAPPING events from decorations provider vscode.git 300
2024-08-12 23:30:58.461 [warning] [Decorations] CAPPING events from decorations provider vscode.git 300
2024-08-12 23:31:03.492 [warning] [Decorations] CAPPING events from decorations provider vscode.git 300
2024-08-12 23:31:08.528 [warning] [Decorations] CAPPING events from decorations provider vscode.git 301
2024-08-12 23:31:13.558 [warning] [Decorations] CAPPING events from decorations provider vscode.git 302
2024-08-12 23:31:18.590 [warning] [Decorations] CAPPING events from decorations provider vscode.git 301
2024-08-12 23:31:23.625 [warning] [Decorations] CAPPING events from decorations provider vscode.git 301
2024-08-12 23:32:07.115 [warning] [Decorations] CAPPING events from decorations provider vscode.git 300
2024-08-12 23:32:12.145 [warning] [Decorations] CAPPING events from decorations provider vscode.git 301
2024-08-12 23:32:17.179 [warning] [Decorations] CAPPING events from decorations provider vscode.git 301
2024-08-12 23:32:22.215 [warning] [Decorations] CAPPING events from decorations provider vscode.git 301
2024-08-12 23:32:27.250 [warning] [Decorations] CAPPING events from decorations provider vscode.git 301
2024-08-12 23:32:32.288 [warning] [Decorations] CAPPING events from decorations provider vscode.git 301
2024-08-12 23:32:37.320 [warning] [Decorations] CAPPING events from decorations provider vscode.git 301
2024-08-12 23:32:42.355 [warning] [Decorations] CAPPING events from decorations provider vscode.git 302
2024-08-12 23:32:49.418 [warning] [Decorations] CAPPING events from decorations provider vscode.git 303
2024-08-12 23:33:23.082 [warning] [Decorations] CAPPING events from decorations provider vscode.git 302
2024-08-12 23:33:28.106 [warning] [Decorations] CAPPING events from decorations provider vscode.git 302
2024-08-12 23:33:33.140 [warning] [Decorations] CAPPING events from decorations provider vscode.git 302
2024-08-12 23:33:38.174 [warning] [Decorations] CAPPING events from decorations provider vscode.git 303
2024-08-12 23:33:43.209 [warning] [Decorations] CAPPING events from decorations provider vscode.git 303
2024-08-12 23:33:48.245 [warning] [Decorations] CAPPING events from decorations provider vscode.git 303
2024-08-12 23:33:53.278 [warning] [Decorations] CAPPING events from decorations provider vscode.git 304
2024-08-12 23:33:58.311 [warning] [Decorations] CAPPING events from decorations provider vscode.git 303
2024-08-12 23:34:03.331 [warning] [Decorations] CAPPING events from decorations provider vscode.git 304
2024-08-12 23:34:08.364 [warning] [Decorations] CAPPING events from decorations provider vscode.git 304
2024-08-12 23:34:13.393 [warning] [Decorations] CAPPING events from decorations provider vscode.git 304
2024-08-12 23:34:18.429 [warning] [Decorations] CAPPING events from decorations provider vscode.git 304
2024-08-12 23:34:23.463 [warning] [Decorations] CAPPING events from decorations provider vscode.git 304
2024-08-12 23:34:28.502 [warning] [Decorations] CAPPING events from decorations provider vscode.git 304
2024-08-12 23:34:33.535 [warning] [Decorations] CAPPING events from decorations provider vscode.git 304
2024-08-12 23:34:38.567 [warning] [Decorations] CAPPING events from decorations provider vscode.git 305
2024-08-12 23:34:43.602 [warning] [Decorations] CAPPING events from decorations provider vscode.git 304
2024-08-12 23:34:48.642 [warning] [Decorations] CAPPING events from decorations provider vscode.git 304
2024-08-12 23:34:53.678 [warning] [Decorations] CAPPING events from decorations provider vscode.git 305
2024-08-12 23:34:58.711 [warning] [Decorations] CAPPING events from decorations provider vscode.git 305
2024-08-12 23:35:03.746 [warning] [Decorations] CAPPING events from decorations provider vscode.git 305
2024-08-12 23:35:08.774 [warning] [Decorations] CAPPING events from decorations provider vscode.git 305
2024-08-12 23:35:13.807 [warning] [Decorations] CAPPING events from decorations provider vscode.git 305
2024-08-12 23:35:18.841 [warning] [Decorations] CAPPING events from decorations provider vscode.git 305
2024-08-12 23:36:31.290 [warning] [Decorations] CAPPING events from decorations provider vscode.git 305
2024-08-12 23:36:36.325 [warning] [Decorations] CAPPING events from decorations provider vscode.git 299
2024-08-12 23:36:41.361 [warning] [Decorations] CAPPING events from decorations provider vscode.git 300
2024-08-12 23:36:46.394 [warning] [Decorations] CAPPING events from decorations provider vscode.git 300
2024-08-12 23:36:51.419 [warning] [Decorations] CAPPING events from decorations provider vscode.git 300
2024-08-12 23:36:56.448 [warning] [Decorations] CAPPING events from decorations provider vscode.git 301
2024-08-12 23:37:05.780 [warning] [Decorations] CAPPING events from decorations provider vscode.git 300
2024-08-12 23:37:10.816 [warning] [Decorations] CAPPING events from decorations provider vscode.git 300
2024-08-12 23:37:15.846 [warning] [Decorations] CAPPING events from decorations provider vscode.git 300
2024-08-12 23:37:20.877 [warning] [Decorations] CAPPING events from decorations provider vscode.git 301
2024-08-12 23:37:25.911 [warning] [Decorations] CAPPING events from decorations provider vscode.git 301
2024-08-12 23:37:30.945 [warning] [Decorations] CAPPING events from decorations provider vscode.git 301
2024-08-12 23:37:35.988 [warning] [Decorations] CAPPING events from decorations provider vscode.git 301
2024-08-12 23:37:41.031 [warning] [Decorations] CAPPING events from decorations provider vscode.git 301
2024-08-12 23:37:46.063 [warning] [Decorations] CAPPING events from decorations provider vscode.git 301
2024-08-12 23:37:51.091 [warning] [Decorations] CAPPING events from decorations provider vscode.git 301
2024-08-12 23:37:56.124 [warning] [Decorations] CAPPING events from decorations provider vscode.git 301
2024-08-12 23:38:01.155 [warning] [Decorations] CAPPING events from decorations provider vscode.git 301
2024-08-12 23:38:06.190 [warning] [Decorations] CAPPING events from decorations provider vscode.git 301
2024-08-12 23:38:11.217 [warning] [Decorations] CAPPING events from decorations provider vscode.git 301
2024-08-12 23:38:16.255 [warning] [Decorations] CAPPING events from decorations provider vscode.git 301
2024-08-12 23:38:21.292 [warning] [Decorations] CAPPING events from decorations provider vscode.git 301
2024-08-12 23:38:26.321 [warning] [Decorations] CAPPING events from decorations provider vscode.git 301
2024-08-12 23:38:31.349 [warning] [Decorations] CAPPING events from decorations provider vscode.git 301
2024-08-12 23:38:36.384 [warning] [Decorations] CAPPING events from decorations provider vscode.git 301
2024-08-12 23:38:41.415 [warning] [Decorations] CAPPING events from decorations provider vscode.git 301
2024-08-12 23:38:46.451 [warning] [Decorations] CAPPING events from decorations provider vscode.git 301
2024-08-12 23:41:41.467 [warning] [Decorations] CAPPING events from decorations provider vscode.git 301
2024-08-12 23:41:46.504 [warning] [Decorations] CAPPING events from decorations provider vscode.git 300
2024-08-12 23:41:51.539 [warning] [Decorations] CAPPING events from decorations provider vscode.git 300
2024-08-12 23:41:56.586 [warning] [Decorations] CAPPING events from decorations provider vscode.git 300
2024-08-12 23:42:01.619 [warning] [Decorations] CAPPING events from decorations provider vscode.git 300
2024-08-12 23:42:06.653 [warning] [Decorations] CAPPING events from decorations provider vscode.git 300
2024-08-12 23:42:11.684 [warning] [Decorations] CAPPING events from decorations provider vscode.git 300
2024-08-12 23:42:30.364 [warning] [Decorations] CAPPING events from decorations provider vscode.git 301
2024-08-12 23:42:35.400 [warning] [Decorations] CAPPING events from decorations provider vscode.git 301
2024-08-12 23:42:40.429 [warning] [Decorations] CAPPING events from decorations provider vscode.git 301
2024-08-12 23:42:51.114 [warning] [Decorations] CAPPING events from decorations provider vscode.git 302
2024-08-12 23:42:56.153 [warning] [Decorations] CAPPING events from decorations provider vscode.git 302
2024-08-12 23:43:01.186 [warning] [Decorations] CAPPING events from decorations provider vscode.git 302
2024-08-12 23:43:06.212 [warning] [Decorations] CAPPING events from decorations provider vscode.git 302
2024-08-12 23:43:11.247 [warning] [Decorations] CAPPING events from decorations provider vscode.git 302
2024-08-12 23:43:16.276 [warning] [Decorations] CAPPING events from decorations provider vscode.git 302
2024-08-12 23:43:21.309 [warning] [Decorations] CAPPING events from decorations provider vscode.git 302
2024-08-12 23:45:02.366 [warning] [Decorations] CAPPING events from decorations provider vscode.git 302
2024-08-12 23:45:07.396 [warning] [Decorations] CAPPING events from decorations provider vscode.git 302
2024-08-12 23:45:12.429 [warning] [Decorations] CAPPING events from decorations provider vscode.git 302
2024-08-12 23:45:17.458 [warning] [Decorations] CAPPING events from decorations provider vscode.git 302
2024-08-12 23:45:22.477 [warning] [Decorations] CAPPING events from decorations provider vscode.git 303
2024-08-12 23:45:30.635 [warning] [Decorations] CAPPING events from decorations provider vscode.git 302
2024-08-12 23:45:35.669 [warning] [Decorations] CAPPING events from decorations provider vscode.git 302
2024-08-12 23:45:40.706 [warning] [Decorations] CAPPING events from decorations provider vscode.git 303
2024-08-12 23:45:45.740 [warning] [Decorations] CAPPING events from decorations provider vscode.git 303
2024-08-12 23:45:50.776 [warning] [Decorations] CAPPING events from decorations provider vscode.git 303
2024-08-12 23:45:55.804 [warning] [Decorations] CAPPING events from decorations provider vscode.git 303
2024-08-12 23:46:00.831 [warning] [Decorations] CAPPING events from decorations provider vscode.git 303
2024-08-12 23:46:05.862 [warning] [Decorations] CAPPING events from decorations provider vscode.git 303
2024-08-12 23:46:10.896 [warning] [Decorations] CAPPING events from decorations provider vscode.git 303
2024-08-12 23:46:15.928 [warning] [Decorations] CAPPING events from decorations provider vscode.git 303
2024-08-12 23:46:20.962 [warning] [Decorations] CAPPING events from decorations provider vscode.git 303
2024-08-12 23:46:25.988 [warning] [Decorations] CAPPING events from decorations provider vscode.git 300
2024-08-12 23:46:31.022 [warning] [Decorations] CAPPING events from decorations provider vscode.git 300
2024-08-12 23:46:36.056 [warning] [Decorations] CAPPING events from decorations provider vscode.git 300
2024-08-12 23:46:41.092 [warning] [Decorations] CAPPING events from decorations provider vscode.git 300
2024-08-12 23:46:46.141 [warning] [Decorations] CAPPING events from decorations provider vscode.git 300
2024-08-12 23:46:51.171 [warning] [Decorations] CAPPING events from decorations provider vscode.git 300
2024-08-12 23:46:56.222 [warning] [Decorations] CAPPING events from decorations provider vscode.git 300
2024-08-12 23:47:01.258 [warning] [Decorations] CAPPING events from decorations provider vscode.git 300
2024-08-12 23:47:06.290 [warning] [Decorations] CAPPING events from decorations provider vscode.git 300
2024-08-12 23:47:11.343 [warning] [Decorations] CAPPING events from decorations provider vscode.git 300
2024-08-12 23:47:16.384 [warning] [Decorations] CAPPING events from decorations provider vscode.git 300
2024-08-12 23:47:21.420 [warning] [Decorations] CAPPING events from decorations provider vscode.git 301
2024-08-12 23:47:40.639 [warning] [Decorations] CAPPING events from decorations provider vscode.git 300
2024-08-12 23:47:45.675 [warning] [Decorations] CAPPING events from decorations provider vscode.git 301
2024-08-12 23:47:50.710 [warning] [Decorations] CAPPING events from decorations provider vscode.git 301
2024-08-12 23:47:55.763 [warning] [Decorations] CAPPING events from decorations provider vscode.git 301
2024-08-12 23:48:00.816 [warning] [Decorations] CAPPING events from decorations provider vscode.git 301
2024-08-12 23:48:05.850 [warning] [Decorations] CAPPING events from decorations provider vscode.git 301
2024-08-12 23:48:13.946 [warning] [Decorations] CAPPING events from decorations provider vscode.git 301
2024-08-12 23:48:18.982 [warning] [Decorations] CAPPING events from decorations provider vscode.git 301
2024-08-12 23:48:24.008 [warning] [Decorations] CAPPING events from decorations provider vscode.git 301
2024-08-12 23:48:29.039 [warning] [Decorations] CAPPING events from decorations provider vscode.git 301
2024-08-12 23:48:34.073 [warning] [Decorations] CAPPING events from decorations provider vscode.git 301
2024-08-12 23:48:39.105 [warning] [Decorations] CAPPING events from decorations provider vscode.git 301
2024-08-12 23:48:44.144 [warning] [Decorations] CAPPING events from decorations provider vscode.git 301
2024-08-12 23:48:49.179 [warning] [Decorations] CAPPING events from decorations provider vscode.git 302
2024-08-12 23:48:54.211 [warning] [Decorations] CAPPING events from decorations provider vscode.git 301
2024-08-12 23:48:59.242 [warning] [Decorations] CAPPING events from decorations provider vscode.git 302
2024-08-12 23:49:04.275 [warning] [Decorations] CAPPING events from decorations provider vscode.git 302
2024-08-12 23:49:09.314 [warning] [Decorations] CAPPING events from decorations provider vscode.git 302
2024-08-12 23:49:14.352 [warning] [Decorations] CAPPING events from decorations provider vscode.git 303
2024-08-12 23:49:19.391 [warning] [Decorations] CAPPING events from decorations provider vscode.git 303
2024-08-12 23:49:24.419 [warning] [Decorations] CAPPING events from decorations provider vscode.git 303
2024-08-12 23:49:29.473 [warning] [Decorations] CAPPING events from decorations provider vscode.git 303
2024-08-12 23:49:34.506 [warning] [Decorations] CAPPING events from decorations provider vscode.git 303
2024-08-12 23:49:39.536 [warning] [Decorations] CAPPING events from decorations provider vscode.git 303
2024-08-12 23:49:44.568 [warning] [Decorations] CAPPING events from decorations provider vscode.git 303
2024-08-12 23:49:49.601 [warning] [Decorations] CAPPING events from decorations provider vscode.git 303
2024-08-12 23:49:54.650 [warning] [Decorations] CAPPING events from decorations provider vscode.git 303
2024-08-12 23:49:59.680 [warning] [Decorations] CAPPING events from decorations provider vscode.git 303
2024-08-12 23:50:04.714 [warning] [Decorations] CAPPING events from decorations provider vscode.git 303
2024-08-12 23:50:09.750 [warning] [Decorations] CAPPING events from decorations provider vscode.git 304
2024-08-12 23:50:14.786 [warning] [Decorations] CAPPING events from decorations provider vscode.git 304
2024-08-12 23:50:19.821 [warning] [Decorations] CAPPING events from decorations provider vscode.git 305
2024-08-12 23:50:24.851 [warning] [Decorations] CAPPING events from decorations provider vscode.git 304
2024-08-12 23:50:29.886 [warning] [Decorations] CAPPING events from decorations provider vscode.git 304
2024-08-12 23:50:34.919 [warning] [Decorations] CAPPING events from decorations provider vscode.git 304
2024-08-12 23:50:39.958 [warning] [Decorations] CAPPING events from decorations provider vscode.git 304
2024-08-12 23:50:45.010 [warning] [Decorations] CAPPING events from decorations provider vscode.git 304
2024-08-12 23:50:50.063 [warning] [Decorations] CAPPING events from decorations provider vscode.git 304
2024-08-12 23:50:55.117 [warning] [Decorations] CAPPING events from decorations provider vscode.git 304
2024-08-12 23:51:00.155 [warning] [Decorations] CAPPING events from decorations provider vscode.git 304
2024-08-12 23:51:05.183 [warning] [Decorations] CAPPING events from decorations provider vscode.git 305
2024-08-12 23:51:10.222 [warning] [Decorations] CAPPING events from decorations provider vscode.git 305
2024-08-12 23:51:15.254 [warning] [Decorations] CAPPING events from decorations provider vscode.git 305
2024-08-12 23:51:20.290 [warning] [Decorations] CAPPING events from decorations provider vscode.git 305
2024-08-12 23:51:25.317 [warning] [Decorations] CAPPING events from decorations provider vscode.git 300
2024-08-12 23:51:30.350 [warning] [Decorations] CAPPING events from decorations provider vscode.git 300
2024-08-12 23:51:35.394 [warning] [Decorations] CAPPING events from decorations provider vscode.git 300
2024-08-12 23:51:40.420 [warning] [Decorations] CAPPING events from decorations provider vscode.git 300
2024-08-12 23:51:45.454 [warning] [Decorations] CAPPING events from decorations provider vscode.git 300
2024-08-12 23:51:50.487 [warning] [Decorations] CAPPING events from decorations provider vscode.git 300
2024-08-12 23:51:55.516 [warning] [Decorations] CAPPING events from decorations provider vscode.git 300
2024-08-12 23:52:00.548 [warning] [Decorations] CAPPING events from decorations provider vscode.git 300
2024-08-12 23:52:05.582 [warning] [Decorations] CAPPING events from decorations provider vscode.git 300
2024-08-12 23:52:10.610 [warning] [Decorations] CAPPING events from decorations provider vscode.git 300
2024-08-12 23:52:15.638 [warning] [Decorations] CAPPING events from decorations provider vscode.git 300
2024-08-12 23:52:20.666 [warning] [Decorations] CAPPING events from decorations provider vscode.git 300
2024-08-12 23:52:25.695 [warning] [Decorations] CAPPING events from decorations provider vscode.git 300
2024-08-12 23:52:30.748 [warning] [Decorations] CAPPING events from decorations provider vscode.git 300
2024-08-12 23:52:35.797 [warning] [Decorations] CAPPING events from decorations provider vscode.git 300
2024-08-12 23:52:40.829 [warning] [Decorations] CAPPING events from decorations provider vscode.git 300
2024-08-12 23:52:45.873 [warning] [Decorations] CAPPING events from decorations provider vscode.git 300
2024-08-12 23:52:50.906 [warning] [Decorations] CAPPING events from decorations provider vscode.git 300
2024-08-12 23:52:55.937 [warning] [Decorations] CAPPING events from decorations provider vscode.git 300
2024-08-12 23:53:00.971 [warning] [Decorations] CAPPING events from decorations provider vscode.git 300
2024-08-12 23:53:05.998 [warning] [Decorations] CAPPING events from decorations provider vscode.git 300
2024-08-12 23:53:11.025 [warning] [Decorations] CAPPING events from decorations provider vscode.git 300
2024-08-12 23:53:16.061 [warning] [Decorations] CAPPING events from decorations provider vscode.git 300
2024-08-12 23:53:21.088 [warning] [Decorations] CAPPING events from decorations provider vscode.git 300
2024-08-12 23:53:26.120 [warning] [Decorations] CAPPING events from decorations provider vscode.git 300
2024-08-12 23:53:31.154 [warning] [Decorations] CAPPING events from decorations provider vscode.git 300
2024-08-12 23:53:36.199 [warning] [Decorations] CAPPING events from decorations provider vscode.git 300
2024-08-12 23:53:41.225 [warning] [Decorations] CAPPING events from decorations provider vscode.git 300
2024-08-12 23:53:46.257 [warning] [Decorations] CAPPING events from decorations provider vscode.git 300
2024-08-12 23:53:51.291 [warning] [Decorations] CAPPING events from decorations provider vscode.git 300
2024-08-12 23:53:56.319 [warning] [Decorations] CAPPING events from decorations provider vscode.git 300
2024-08-12 23:54:01.354 [warning] [Decorations] CAPPING events from decorations provider vscode.git 300
2024-08-12 23:54:06.391 [warning] [Decorations] CAPPING events from decorations provider vscode.git 300
2024-08-12 23:54:11.429 [warning] [Decorations] CAPPING events from decorations provider vscode.git 300
2024-08-12 23:54:16.481 [warning] [Decorations] CAPPING events from decorations provider vscode.git 300
2024-08-12 23:54:21.533 [warning] [Decorations] CAPPING events from decorations provider vscode.git 300
2024-08-12 23:54:26.587 [warning] [Decorations] CAPPING events from decorations provider vscode.git 300
2024-08-12 23:54:31.641 [warning] [Decorations] CAPPING events from decorations provider vscode.git 300
2024-08-12 23:54:36.671 [warning] [Decorations] CAPPING events from decorations provider vscode.git 300
2024-08-12 23:54:41.706 [warning] [Decorations] CAPPING events from decorations provider vscode.git 300
2024-08-12 23:54:46.741 [warning] [Decorations] CAPPING events from decorations provider vscode.git 300
2024-08-12 23:54:51.768 [warning] [Decorations] CAPPING events from decorations provider vscode.git 300
2024-08-12 23:54:56.801 [warning] [Decorations] CAPPING events from decorations provider vscode.git 300
2024-08-12 23:55:01.836 [warning] [Decorations] CAPPING events from decorations provider vscode.git 300
2024-08-12 23:55:06.870 [warning] [Decorations] CAPPING events from decorations provider vscode.git 300
2024-08-12 23:55:11.904 [warning] [Decorations] CAPPING events from decorations provider vscode.git 300
2024-08-12 23:55:16.946 [warning] [Decorations] CAPPING events from decorations provider vscode.git 300
2024-08-12 23:55:21.981 [warning] [Decorations] CAPPING events from decorations provider vscode.git 300
2024-08-12 23:55:27.013 [warning] [Decorations] CAPPING events from decorations provider vscode.git 300
2024-08-12 23:55:32.047 [warning] [Decorations] CAPPING events from decorations provider vscode.git 300
2024-08-12 23:55:37.081 [warning] [Decorations] CAPPING events from decorations provider vscode.git 300
2024-08-12 23:55:42.110 [warning] [Decorations] CAPPING events from decorations provider vscode.git 300
2024-08-12 23:55:47.137 [warning] [Decorations] CAPPING events from decorations provider vscode.git 301
2024-08-12 23:55:52.165 [warning] [Decorations] CAPPING events from decorations provider vscode.git 301
2024-08-12 23:55:57.191 [warning] [Decorations] CAPPING events from decorations provider vscode.git 301
2024-08-12 23:56:02.227 [warning] [Decorations] CAPPING events from decorations provider vscode.git 301
2024-08-12 23:56:07.262 [warning] [Decorations] CAPPING events from decorations provider vscode.git 301
2024-08-12 23:56:12.295 [warning] [Decorations] CAPPING events from decorations provider vscode.git 301
2024-08-12 23:56:17.330 [warning] [Decorations] CAPPING events from decorations provider vscode.git 301
2024-08-12 23:56:22.370 [warning] [Decorations] CAPPING events from decorations provider vscode.git 301
2024-08-12 23:56:27.423 [warning] [Decorations] CAPPING events from decorations provider vscode.git 300
2024-08-12 23:56:32.475 [warning] [Decorations] CAPPING events from decorations provider vscode.git 300
2024-08-12 23:56:37.522 [warning] [Decorations] CAPPING events from decorations provider vscode.git 300
2024-08-12 23:56:42.566 [warning] [Decorations] CAPPING events from decorations provider vscode.git 300
2024-08-12 23:56:47.603 [warning] [Decorations] CAPPING events from decorations provider vscode.git 300
2024-08-12 23:56:52.641 [warning] [Decorations] CAPPING events from decorations provider vscode.git 300
2024-08-12 23:56:57.677 [warning] [Decorations] CAPPING events from decorations provider vscode.git 300
2024-08-12 23:57:02.708 [warning] [Decorations] CAPPING events from decorations provider vscode.git 300
2024-08-12 23:57:07.742 [warning] [Decorations] CAPPING events from decorations provider vscode.git 300
2024-08-12 23:57:12.790 [warning] [Decorations] CAPPING events from decorations provider vscode.git 300
2024-08-12 23:57:17.824 [warning] [Decorations] CAPPING events from decorations provider vscode.git 300
2024-08-12 23:57:22.844 [warning] [Decorations] CAPPING events from decorations provider vscode.git 300
2024-08-12 23:57:27.872 [warning] [Decorations] CAPPING events from decorations provider vscode.git 300
2024-08-12 23:57:32.905 [warning] [Decorations] CAPPING events from decorations provider vscode.git 300
2024-08-12 23:57:37.941 [warning] [Decorations] CAPPING events from decorations provider vscode.git 300
2024-08-12 23:57:42.975 [warning] [Decorations] CAPPING events from decorations provider vscode.git 300
2024-08-12 23:57:48.010 [warning] [Decorations] CAPPING events from decorations provider vscode.git 300
2024-08-12 23:57:53.046 [warning] [Decorations] CAPPING events from decorations provider vscode.git 300
2024-08-12 23:57:58.095 [warning] [Decorations] CAPPING events from decorations provider vscode.git 300
2024-08-12 23:58:03.121 [warning] [Decorations] CAPPING events from decorations provider vscode.git 300
2024-08-12 23:58:08.149 [warning] [Decorations] CAPPING events from decorations provider vscode.git 300
2024-08-12 23:58:13.193 [warning] [Decorations] CAPPING events from decorations provider vscode.git 300
2024-08-12 23:58:18.222 [warning] [Decorations] CAPPING events from decorations provider vscode.git 300
2024-08-12 23:58:23.255 [warning] [Decorations] CAPPING events from decorations provider vscode.git 300
2024-08-12 23:58:28.290 [warning] [Decorations] CAPPING events from decorations provider vscode.git 300
2024-08-12 23:58:33.319 [warning] [Decorations] CAPPING events from decorations provider vscode.git 300
2024-08-12 23:58:38.347 [warning] [Decorations] CAPPING events from decorations provider vscode.git 300
2024-08-12 23:58:43.385 [warning] [Decorations] CAPPING events from decorations provider vscode.git 300
2024-08-12 23:58:48.422 [warning] [Decorations] CAPPING events from decorations provider vscode.git 300
2024-08-12 23:58:53.451 [warning] [Decorations] CAPPING events from decorations provider vscode.git 300
2024-08-12 23:58:58.483 [warning] [Decorations] CAPPING events from decorations provider vscode.git 300
2024-08-12 23:59:03.512 [warning] [Decorations] CAPPING events from decorations provider vscode.git 300
2024-08-12 23:59:08.542 [warning] [Decorations] CAPPING events from decorations provider vscode.git 300
2024-08-12 23:59:13.575 [warning] [Decorations] CAPPING events from decorations provider vscode.git 300
2024-08-12 23:59:18.609 [warning] [Decorations] CAPPING events from decorations provider vscode.git 300
2024-08-12 23:59:23.658 [warning] [Decorations] CAPPING events from decorations provider vscode.git 300
2024-08-12 23:59:28.702 [warning] [Decorations] CAPPING events from decorations provider vscode.git 300
2024-08-12 23:59:33.733 [warning] [Decorations] CAPPING events from decorations provider vscode.git 300
2024-08-12 23:59:38.770 [warning] [Decorations] CAPPING events from decorations provider vscode.git 300
2024-08-12 23:59:43.814 [warning] [Decorations] CAPPING events from decorations provider vscode.git 300
2024-08-12 23:59:48.843 [warning] [Decorations] CAPPING events from decorations provider vscode.git 300
2024-08-12 23:59:53.875 [warning] [Decorations] CAPPING events from decorations provider vscode.git 300
2024-08-12 23:59:58.910 [warning] [Decorations] CAPPING events from decorations provider vscode.git 300
2024-08-13 00:00:03.938 [warning] [Decorations] CAPPING events from decorations provider vscode.git 300
2024-08-13 00:00:08.971 [warning] [Decorations] CAPPING events from decorations provider vscode.git 300
2024-08-13 00:00:14.006 [warning] [Decorations] CAPPING events from decorations provider vscode.git 300
2024-08-13 00:00:19.046 [warning] [Decorations] CAPPING events from decorations provider vscode.git 300
2024-08-13 00:00:24.082 [warning] [Decorations] CAPPING events from decorations provider vscode.git 300
2024-08-13 00:00:29.112 [warning] [Decorations] CAPPING events from decorations provider vscode.git 300
2024-08-13 00:00:34.146 [warning] [Decorations] CAPPING events from decorations provider vscode.git 300
2024-08-13 00:00:39.177 [warning] [Decorations] CAPPING events from decorations provider vscode.git 300
2024-08-13 00:00:44.217 [warning] [Decorations] CAPPING events from decorations provider vscode.git 300
2024-08-13 00:00:49.258 [warning] [Decorations] CAPPING events from decorations provider vscode.git 300
2024-08-13 00:00:54.294 [warning] [Decorations] CAPPING events from decorations provider vscode.git 300
2024-08-13 00:00:59.329 [warning] [Decorations] CAPPING events from decorations provider vscode.git 300
2024-08-13 00:01:04.365 [warning] [Decorations] CAPPING events from decorations provider vscode.git 300
2024-08-13 00:01:09.405 [warning] [Decorations] CAPPING events from decorations provider vscode.git 300
2024-08-13 00:01:14.446 [warning] [Decorations] CAPPING events from decorations provider vscode.git 300
2024-08-13 00:01:19.483 [warning] [Decorations] CAPPING events from decorations provider vscode.git 300
2024-08-13 00:01:24.511 [warning] [Decorations] CAPPING events from decorations provider vscode.git 300
2024-08-13 00:01:29.544 [warning] [Decorations] CAPPING events from decorations provider vscode.git 300
2024-08-13 00:01:34.578 [warning] [Decorations] CAPPING events from decorations provider vscode.git 300
2024-08-13 00:01:39.615 [warning] [Decorations] CAPPING events from decorations provider vscode.git 300
2024-08-13 00:01:44.653 [warning] [Decorations] CAPPING events from decorations provider vscode.git 300
2024-08-13 00:01:49.701 [warning] [Decorations] CAPPING events from decorations provider vscode.git 300
2024-08-13 00:01:54.730 [warning] [Decorations] CAPPING events from decorations provider vscode.git 300
2024-08-13 00:01:59.769 [warning] [Decorations] CAPPING events from decorations provider vscode.git 300
2024-08-13 00:02:04.802 [warning] [Decorations] CAPPING events from decorations provider vscode.git 300
2024-08-13 00:02:09.850 [warning] [Decorations] CAPPING events from decorations provider vscode.git 300
2024-08-13 00:02:14.882 [warning] [Decorations] CAPPING events from decorations provider vscode.git 300
2024-08-13 00:02:19.911 [warning] [Decorations] CAPPING events from decorations provider vscode.git 300
2024-08-13 00:02:24.947 [warning] [Decorations] CAPPING events from decorations provider vscode.git 301
2024-08-13 00:02:29.981 [warning] [Decorations] CAPPING events from decorations provider vscode.git 300
2024-08-13 00:02:35.017 [warning] [Decorations] CAPPING events from decorations provider vscode.git 300
2024-08-13 00:02:40.055 [warning] [Decorations] CAPPING events from decorations provider vscode.git 300
2024-08-13 00:02:45.092 [warning] [Decorations] CAPPING events from decorations provider vscode.git 300
2024-08-13 00:02:50.123 [warning] [Decorations] CAPPING events from decorations provider vscode.git 300
2024-08-13 00:02:55.158 [warning] [Decorations] CAPPING events from decorations provider vscode.git 300
2024-08-13 00:03:00.192 [warning] [Decorations] CAPPING events from decorations provider vscode.git 300
2024-08-13 00:03:05.220 [warning] [Decorations] CAPPING events from decorations provider vscode.git 301
2024-08-13 00:03:44.649 [warning] [Decorations] CAPPING events from decorations provider vscode.git 301
2024-08-13 00:03:49.678 [warning] [Decorations] CAPPING events from decorations provider vscode.git 301
2024-08-13 00:03:54.704 [warning] [Decorations] CAPPING events from decorations provider vscode.git 301
2024-08-13 00:03:59.741 [warning] [Decorations] CAPPING events from decorations provider vscode.git 302
2024-08-13 00:04:04.775 [warning] [Decorations] CAPPING events from decorations provider vscode.git 302
2024-08-13 00:04:09.809 [warning] [Decorations] CAPPING events from decorations provider vscode.git 302
2024-08-13 00:04:14.846 [warning] [Decorations] CAPPING events from decorations provider vscode.git 302
2024-08-13 00:04:23.240 [warning] [Decorations] CAPPING events from decorations provider vscode.git 303
2024-08-13 00:04:28.275 [warning] [Decorations] CAPPING events from decorations provider vscode.git 303
2024-08-13 00:04:33.309 [warning] [Decorations] CAPPING events from decorations provider vscode.git 304
2024-08-13 00:04:54.766 [warning] [Decorations] CAPPING events from decorations provider vscode.git 305
2024-08-13 00:04:59.795 [warning] [Decorations] CAPPING events from decorations provider vscode.git 305
2024-08-13 00:05:04.824 [warning] [Decorations] CAPPING events from decorations provider vscode.git 305
2024-08-13 00:05:09.854 [warning] [Decorations] CAPPING events from decorations provider vscode.git 306
2024-08-13 00:05:25.847 [warning] [Decorations] CAPPING events from decorations provider vscode.git 305
2024-08-13 00:05:30.883 [warning] [Decorations] CAPPING events from decorations provider vscode.git 306
2024-08-13 00:05:35.919 [warning] [Decorations] CAPPING events from decorations provider vscode.git 306
2024-08-13 00:05:40.951 [warning] [Decorations] CAPPING events from decorations provider vscode.git 306
2024-08-13 00:05:45.989 [warning] [Decorations] CAPPING events from decorations provider vscode.git 306
2024-08-13 00:05:51.025 [warning] [Decorations] CAPPING events from decorations provider vscode.git 306
2024-08-13 00:05:57.566 [warning] [Decorations] CAPPING events from decorations provider vscode.git 306
2024-08-13 00:06:02.601 [warning] [Decorations] CAPPING events from decorations provider vscode.git 307
2024-08-13 00:06:07.638 [warning] [Decorations] CAPPING events from decorations provider vscode.git 307
2024-08-13 00:06:37.466 [warning] [Decorations] CAPPING events from decorations provider vscode.git 307
2024-08-13 00:06:50.247 [warning] [Decorations] CAPPING events from decorations provider vscode.git 308
2024-08-13 00:06:55.275 [warning] [Decorations] CAPPING events from decorations provider vscode.git 309
2024-08-13 00:07:00.306 [warning] [Decorations] CAPPING events from decorations provider vscode.git 309
2024-08-13 00:07:05.332 [warning] [Decorations] CAPPING events from decorations provider vscode.git 309
2024-08-13 00:07:10.366 [warning] [Decorations] CAPPING events from decorations provider vscode.git 310
2024-08-13 00:07:15.403 [warning] [Decorations] CAPPING events from decorations provider vscode.git 310
2024-08-13 00:07:27.636 [warning] [Decorations] CAPPING events from decorations provider vscode.git 309
2024-08-13 00:07:32.662 [warning] [Decorations] CAPPING events from decorations provider vscode.git 300
2024-08-13 00:07:37.690 [warning] [Decorations] CAPPING events from decorations provider vscode.git 300
2024-08-13 00:07:42.722 [warning] [Decorations] CAPPING events from decorations provider vscode.git 300
2024-08-13 00:07:47.753 [warning] [Decorations] CAPPING events from decorations provider vscode.git 300
2024-08-13 00:07:52.787 [warning] [Decorations] CAPPING events from decorations provider vscode.git 300
2024-08-13 00:07:57.822 [warning] [Decorations] CAPPING events from decorations provider vscode.git 301
2024-08-13 00:08:02.856 [warning] [Decorations] CAPPING events from decorations provider vscode.git 301
2024-08-13 00:08:07.888 [warning] [Decorations] CAPPING events from decorations provider vscode.git 301
2024-08-13 00:08:12.921 [warning] [Decorations] CAPPING events from decorations provider vscode.git 301
2024-08-13 00:08:17.955 [warning] [Decorations] CAPPING events from decorations provider vscode.git 301
2024-08-13 00:08:22.987 [warning] [Decorations] CAPPING events from decorations provider vscode.git 302
2024-08-13 00:08:28.016 [warning] [Decorations] CAPPING events from decorations provider vscode.git 302
2024-08-13 00:08:33.052 [warning] [Decorations] CAPPING events from decorations provider vscode.git 302
2024-08-13 00:08:38.088 [warning] [Decorations] CAPPING events from decorations provider vscode.git 302
2024-08-13 00:08:43.123 [warning] [Decorations] CAPPING events from decorations provider vscode.git 303
2024-08-13 00:08:48.159 [warning] [Decorations] CAPPING events from decorations provider vscode.git 303
2024-08-13 00:08:53.191 [warning] [Decorations] CAPPING events from decorations provider vscode.git 303
2024-08-13 00:08:58.229 [warning] [Decorations] CAPPING events from decorations provider vscode.git 303
2024-08-13 00:09:03.254 [warning] [Decorations] CAPPING events from decorations provider vscode.git 303
2024-08-13 00:11:24.128 [warning] [Decorations] CAPPING events from decorations provider vscode.git 303
2024-08-13 00:11:29.179 [warning] [Decorations] CAPPING events from decorations provider vscode.git 303
2024-08-13 00:11:34.232 [warning] [Decorations] CAPPING events from decorations provider vscode.git 303
2024-08-13 00:11:39.279 [warning] [Decorations] CAPPING events from decorations provider vscode.git 303
2024-08-13 00:11:44.331 [warning] [Decorations] CAPPING events from decorations provider vscode.git 303
2024-08-13 00:11:49.382 [warning] [Decorations] CAPPING events from decorations provider vscode.git 303
2024-08-13 00:11:54.429 [warning] [Decorations] CAPPING events from decorations provider vscode.git 303
2024-08-13 00:11:59.473 [warning] [Decorations] CAPPING events from decorations provider vscode.git 303
2024-08-13 00:12:28.515 [warning] [Decorations] CAPPING events from decorations provider vscode.git 303
