2024-08-12 22:03:21.568 [info] Started local extension host with pid 4290.
2024-08-12 22:03:24.747 [info] [perf] Render performance baseline is 153ms
2024-08-12 22:11:01.370 [info] Started local extension host with pid 4403.
2024-08-12 22:11:04.127 [error] Cannot read properties of undefined (reading 'accessToken'): TypeError: Cannot read properties of undefined (reading 'accessToken')
    at p.z (vscode-file://vscode-app/usr/share/code/resources/app/out/vs/workbench/workbench.desktop.main.js:1686:21851)
    at p.C (vscode-file://vscode-app/usr/share/code/resources/app/out/vs/workbench/workbench.desktop.main.js:1686:22484)
    at d.value (vscode-file://vscode-app/usr/share/code/resources/app/out/vs/workbench/workbench.desktop.main.js:1686:21653)
2024-08-12 22:11:04.148 [info] [perf] Render performance baseline is 143ms
2024-08-12 22:35:06.795 [error] Unable to read file '/home/andoke/Desktop/quadri/git/WebProc/src/components/CPSRToggle/4ToggleButton.tsx' (Error: Unable to resolve nonexistent file '/home/andoke/Desktop/quadri/git/WebProc/src/components/CPSRToggle/4ToggleButton.tsx'): Error: Unable to read file '/home/andoke/Desktop/quadri/git/WebProc/src/components/CPSRToggle/4ToggleButton.tsx' (Error: Unable to resolve nonexistent file '/home/andoke/Desktop/quadri/git/WebProc/src/components/CPSRToggle/4ToggleButton.tsx')
    at s.F (vscode-file://vscode-app/usr/share/code/resources/app/out/vs/workbench/workbench.desktop.main.js:658:20063)
    at s.D (vscode-file://vscode-app/usr/share/code/resources/app/out/vs/workbench/workbench.desktop.main.js:658:19858)
    at async a.M (vscode-file://vscode-app/usr/share/code/resources/app/out/vs/workbench/workbench.desktop.main.js:2201:42594)
    at async a.readStream (vscode-file://vscode-app/usr/share/code/resources/app/out/vs/workbench/workbench.desktop.main.js:2201:42351)
    at async T.Cb (vscode-file://vscode-app/usr/share/code/resources/app/out/vs/workbench/workbench.desktop.main.js:2190:15142)
    at async T.resolve (vscode-file://vscode-app/usr/share/code/resources/app/out/vs/workbench/workbench.desktop.main.js:2190:13589)
    at async r.W (vscode-file://vscode-app/usr/share/code/resources/app/out/vs/workbench/workbench.desktop.main.js:2201:38744)
    at async vscode-file://vscode-app/usr/share/code/resources/app/out/vs/workbench/workbench.desktop.main.js:2201:37766
    at async Promise.all (index 0)
    at async Object._ [as settled] (vscode-file://vscode-app/usr/share/code/resources/app/out/vs/workbench/workbench.desktop.main.js:152:23983)
    at async vscode-file://vscode-app/usr/share/code/resources/app/out/vs/workbench/workbench.desktop.main.js:2201:37717
    at async Promise.allSettled (index 0)
    at async a.fireAsync (vscode-file://vscode-app/usr/share/code/resources/app/out/vs/workbench/workbench.desktop.main.js:89:1589)
    at async i.n (vscode-file://vscode-app/usr/share/code/resources/app/out/vs/workbench/workbench.desktop.main.js:2195:49865)
    at async b.perform (vscode-file://vscode-app/usr/share/code/resources/app/out/vs/workbench/workbench.desktop.main.js:2201:18063)
    at async g.apply (vscode-file://vscode-app/usr/share/code/resources/app/out/vs/workbench/workbench.desktop.main.js:2201:22720)
    at async h.n (vscode-file://vscode-app/usr/share/code/resources/app/out/vs/workbench/workbench.desktop.main.js:2201:24571)
    at async h.perform (vscode-file://vscode-app/usr/share/code/resources/app/out/vs/workbench/workbench.desktop.main.js:2201:24280)
    at async m.apply (vscode-file://vscode-app/usr/share/code/resources/app/out/vs/workbench/workbench.desktop.main.js:2201:26100)
    at async vscode-file://vscode-app/usr/share/code/resources/app/out/vs/workbench/workbench.desktop.main.js:1639:13724
2024-08-12 23:57:36.655 [error] Error: file:///home/andoke/Desktop/quadri/git/WebProc/src/components/CPSRToggle/CPSRToggle.tsx has changed in the meantime
    at o.q (vscode-file://vscode-app/usr/share/code/resources/app/out/vs/workbench/workbench.desktop.main.js:805:3141)
    at o.apply (vscode-file://vscode-app/usr/share/code/resources/app/out/vs/workbench/workbench.desktop.main.js:805:4000)
    at h.o (vscode-file://vscode-app/usr/share/code/resources/app/out/vs/workbench/workbench.desktop.main.js:2201:24894)
    at h.perform (vscode-file://vscode-app/usr/share/code/resources/app/out/vs/workbench/workbench.desktop.main.js:2201:24359)
    at m.apply (vscode-file://vscode-app/usr/share/code/resources/app/out/vs/workbench/workbench.desktop.main.js:2201:26108)
    at y.$tryApplyWorkspaceEdit (vscode-file://vscode-app/usr/share/code/resources/app/out/vs/workbench/workbench.desktop.main.js:1663:14451)
    at h.S (vscode-file://vscode-app/usr/share/code/resources/app/out/vs/workbench/workbench.desktop.main.js:1630:13952)
    at h.Q (vscode-file://vscode-app/usr/share/code/resources/app/out/vs/workbench/workbench.desktop.main.js:1630:13718)
    at h.M (vscode-file://vscode-app/usr/share/code/resources/app/out/vs/workbench/workbench.desktop.main.js:1630:12811)
    at h.L (vscode-file://vscode-app/usr/share/code/resources/app/out/vs/workbench/workbench.desktop.main.js:1630:12029)
    at d.value (vscode-file://vscode-app/usr/share/code/resources/app/out/vs/workbench/workbench.desktop.main.js:1630:10677)
    at s.y (vscode-file://vscode-app/usr/share/code/resources/app/out/vs/workbench/workbench.desktop.main.js:89:659)
    at s.fire (vscode-file://vscode-app/usr/share/code/resources/app/out/vs/workbench/workbench.desktop.main.js:89:876)
    at r.fire (vscode-file://vscode-app/usr/share/code/resources/app/out/vs/workbench/workbench.desktop.main.js:629:14507)
    at H.onmessage (vscode-file://vscode-app/usr/share/code/resources/app/out/vs/workbench/workbench.desktop.main.js:1648:8048)
2024-08-12 23:57:36.656 [warning] IGNORING workspace edit: Error: file:///home/andoke/Desktop/quadri/git/WebProc/src/components/CPSRToggle/CPSRToggle.tsx has changed in the meantime
