2024-08-12 22:03:21.513 [info] Added views:workbench.panel.markers.view in workbench.panel.markers
2024-08-12 22:03:21.513 [info] Added views:workbench.panel.output in workbench.panel.output
2024-08-12 22:03:21.513 [info] Added views:terminal in terminal
2024-08-12 22:03:21.513 [info] Added views:outline in workbench.view.explorer
2024-08-12 22:03:21.513 [info] Added views:workbench.scm in workbench.view.scm
2024-08-12 22:03:21.513 [info] Added views:workbench.view.search in workbench.view.search
2024-08-12 22:03:21.513 [info] Added views:timeline in workbench.view.explorer
2024-08-12 22:03:21.513 [info] Added views:workbench.explorer.emptyView in workbench.view.explorer
2024-08-12 22:03:22.011 [info] Added views:workbench.debug.variablesView,workbench.debug.watchExpressionsView,workbench.debug.callStackView,workbench.debug.breakPointsView in workbench.view.debug
2024-08-12 22:03:22.062 [info] Added views:workbench.panel.repl.view in workbench.panel.repl
2024-08-12 22:03:22.064 [info] Removed views:workbench.debug.breakPointsView,workbench.debug.callStackView,workbench.debug.watchExpressionsView,workbench.debug.variablesView from workbench.view.debug
2024-08-12 22:03:22.064 [info] Added views:workbench.debug.welcome in workbench.view.debug
2024-08-12 22:03:22.190 [info] Added views:~remote.forwardedPorts in ~remote.forwardedPortsContainer
2024-08-12 22:11:01.258 [info] Added views:workbench.panel.markers.view in workbench.panel.markers
2024-08-12 22:11:01.259 [info] Added views:workbench.panel.output in workbench.panel.output
2024-08-12 22:11:01.259 [info] Added views:terminal in terminal
2024-08-12 22:11:01.259 [info] Added views:outline in workbench.view.explorer
2024-08-12 22:11:01.259 [info] Added views:workbench.scm in workbench.view.scm
2024-08-12 22:11:01.259 [info] Added views:workbench.view.search in workbench.view.search
2024-08-12 22:11:01.259 [info] Added views:timeline in workbench.view.explorer
2024-08-12 22:11:01.259 [info] Added views:workbench.explorer.fileView in workbench.view.explorer
2024-08-12 22:11:01.576 [info] Added views:workbench.debug.variablesView,workbench.debug.watchExpressionsView,workbench.debug.callStackView,workbench.debug.breakPointsView in workbench.view.debug
2024-08-12 22:11:01.609 [info] Added views:workbench.panel.repl.view in workbench.panel.repl
2024-08-12 22:11:01.610 [info] Removed views:workbench.debug.breakPointsView,workbench.debug.callStackView,workbench.debug.watchExpressionsView,workbench.debug.variablesView from workbench.view.debug
2024-08-12 22:11:01.610 [info] Added views:workbench.debug.welcome in workbench.view.debug
2024-08-12 22:11:01.764 [info] Added views:~remote.forwardedPorts in ~remote.forwardedPortsContainer
